"../../../../../../SS/Content/Mannequin/Character/Mesh/SK_Mannequin_Skeleton.uasset" 0
"../../../../../../SS/Content/Mannequin/Animations/ThirdPersonJump_End.uasset" 1
"../../../../../../SS/Content/Mannequin/Animations/ThirdPersonJump_Loop.uasset" 2
"../../../../../../SS/Content/Mannequin/Animations/ThirdPersonJump_Start.uasset" 3
"../../../../../../SS/Content/Mannequin/Animations/ThirdPersonIdle.uasset" 4
"../../../../../../SS/Content/Mannequin/Animations/ThirdPersonRun.uasset" 5
"../../../../../../SS/Content/Mannequin/Animations/ThirdPersonWalk.uasset" 6
"../../../../../../SS/Content/Mannequin/Animations/ThirdPerson_IdleRun_2D.uasset" 7
"../../../Engine/Content/EditorBlueprintResources/StandardMacros.uasset" 8
"../../../../../../SS/Content/Mannequin/Animations/ThirdPerson_AnimBP.uasset" 9
"../../../Engine/Content/Functions/Engine_MaterialFunctions02/Utility/BlendAngleCorrectedNormals.uasset" 10
"../../../Engine/Content/Functions/MaterialLayerFunctions/MatLayerBlend_NormalBlend.uasset" 11
"../../../Engine/Content/Functions/MaterialLayerFunctions/MatLayerBlend_Simple.uasset" 12
"../../../../../../SS/Content/Mannequin/Character/Materials/MaterialLayers/T_ML_Rubber_Blue_01_D.uasset" 13
"../../../../../../SS/Content/Mannequin/Character/Materials/MaterialLayers/T_ML_Rubber_Blue_01_N.uasset" 14
"../../../../../../SS/Content/Mannequin/Character/Materials/MaterialLayers/ML_GlossyBlack_Latex_UE4.uasset" 15
"../../../../../../SS/Content/Mannequin/Character/Materials/MaterialLayers/ML_Plastic_Shiny_Beige.uasset" 16
"../../../../../../SS/Content/Mannequin/Character/Textures/UE4_LOGO_CARD.uasset" 17
"../../../../../../SS/Content/Mannequin/Character/Materials/MaterialLayers/ML_Plastic_Shiny_Beige_LOGO.uasset" 18
"../../../../../../SS/Content/Mannequin/Character/Materials/MaterialLayers/T_ML_Aluminum01.uasset" 19
"../../../../../../SS/Content/Mannequin/Character/Materials/MaterialLayers/T_ML_Aluminum01_N.uasset" 20
"../../../../../../SS/Content/Mannequin/Character/Materials/MaterialLayers/ML_SoftMetal_UE4.uasset" 21
"../../../../../../SS/Content/Mannequin/Character/Textures/T_UE4_Mannequin_Mobile_M.uasset" 22
"../../../../../../SS/Content/Mannequin/Character/Textures/T_UE4_Mannequin_Mobile_N.uasset" 23
"../../../../../../SS/Content/Mannequin/Character/Materials/M_UE4Man_Body.uasset" 24
"../../../../../../SS/Content/Mannequin/Character/Textures/UE4Man_Logo_N.uasset" 25
"../../../../../../SS/Content/Mannequin/Character/Materials/M_UE4Man_ChestLogo.uasset" 26
"../../../../../../SS/Content/Mannequin/Character/Mesh/SK_Mannequin.uasset" 27
"../../../../../../SS/Content/ThirdPersonBP/Blueprints/ThirdPersonCharacter.uasset" 28
"../../../../../../SS/Content/ThirdPersonBP/Blueprints/ThirdPersonGameMode.uasset" 29
"../../../Engine/Content/Animation/DefaultAnimCurveCompressionSettings.uasset" 30
"../../../Engine/Content/Functions/Engine_MaterialFunctions01/Opacity/CameraDepthFade.uasset" 31
"../../../Engine/Content/EngineMaterials/T_Default_Material_Grid_M.uasset" 32
"../../../Engine/Content/EngineMaterials/T_Default_Material_Grid_N.uasset" 33
"../../../Engine/Content/EngineMaterials/WorldGridMaterial.uasset" 34
"../../../Engine/Content/ArtTools/RenderToTexture/Meshes/S_1_Unit_Plane.uasset" 35
"../../../Engine/Content/EngineMaterials/DefaultMaterial.uasset" 36
"../../../Engine/Content/BasicShapes/Cone.uasset" 37
"../../../Engine/Content/BasicShapes/Cube.uasset" 38
"../../../Engine/Content/BasicShapes/Cylinder.uasset" 39
"../../../Engine/Content/BasicShapes/Plane.uasset" 40
"../../../Engine/Content/BasicShapes/Sphere.uasset" 41
"../../../Engine/Content/EditorLandscapeResources/DataLayer.uasset" 42
"../../../Engine/Content/EditorMaterials/GizmoMaterial.uasset" 43
"../../../Engine/Content/EditorMaterials/MAT_Groups_Toggle.uasset" 44
"../../../Engine/Content/EditorMaterials/MAT_Groups_Visibility.uasset" 45
"../../../Engine/Content/EditorMaterials/PreviewShadowIndicator.uasset" 46
"../../../Engine/Content/EditorMaterials/PreviewShadowIndicatorMaterial.uasset" 47
"../../../Engine/Content/EditorMaterials/MatineeGroups/MAT_ColorTrack.uasset" 48
"../../../Engine/Content/EditorMaterials/MatineeGroups/MAT_Groups_Anim.uasset" 49
"../../../Engine/Content/EditorMaterials/MatineeGroups/MAT_Groups_AudioMaster.uasset" 50
"../../../Engine/Content/EditorMaterials/MatineeGroups/MAT_Groups_Director.uasset" 51
"../../../Engine/Content/EditorMaterials/MatineeGroups/MAT_Groups_Event.uasset" 52
"../../../Engine/Content/EditorMaterials/MatineeGroups/MAT_Groups_Fade.uasset" 53
"../../../Engine/Content/EditorMaterials/MatineeGroups/MAT_Groups_Float.uasset" 54
"../../../Engine/Content/EditorMaterials/MatineeGroups/MAT_Groups_Move.uasset" 55
"../../../Engine/Content/EditorMaterials/MatineeGroups/MAT_Groups_Slomo.uasset" 56
"../../../Engine/Content/EditorMaterials/MatineeGroups/MAT_Groups_Sound.uasset" 57
"../../../Engine/Content/EditorMaterials/MatineeGroups/MAT_Groups_Vector.uasset" 58
"../../../Engine/Content/EditorMaterials/ParticleSystems/PSysThumbnail_NoImage.uasset" 59
"../../../Engine/Content/EditorMaterials/ParticleSystems/PSysThumbnail_OOD.uasset" 60
"../../../Engine/Content/EditorMaterials/Camera/CineMat.uasset" 61
"../../../Engine/Content/EditorMaterials/Camera/MI_CineMat_Rig.uasset" 62
"../../../Engine/Content/EditorMeshes/Camera/SM_CraneRig_Arm.uasset" 63
"../../../Engine/Content/EditorMeshes/Camera/SM_CraneRig_Base.uasset" 64
"../../../Engine/Content/EditorMeshes/Camera/SM_CraneRig_Body.uasset" 65
"../../../Engine/Content/EditorMeshes/Camera/SM_CraneRig_Mount.uasset" 66
"../../../Engine/Content/EditorMeshes/Camera/SM_RailRig_Mount.uasset" 67
"../../../Engine/Content/EditorMeshes/Camera/SM_RailRig_Track.uasset" 68
"../../../Engine/Content/EditorResources/BSPVertex.uasset" 69
"../../../Engine/Content/EditorResources/EmptyActor.uasset" 70
"../../../Engine/Content/EditorResources/S_Actor.uasset" 71
"../../../Engine/Content/EditorResources/S_Note.uasset" 72
"../../../Engine/Content/EditorResources/S_Solver.uasset" 73
"../../../Engine/Content/EditorResources/S_Trigger.uasset" 74
"../../../Engine/Content/EditorResources/LightIcons/S_LightError.uasset" 75
"../../../Engine/Content/EditorResources/SequenceRecorder/Countdown.uasset" 76
"../../../Engine/Content/EditorResources/SequenceRecorder/RecordingIndicator.uasset" 77
"../../../Engine/Content/EditorSounds/Notifications/CompileFailed.uasset" 78
"../../../Engine/Content/EditorSounds/Notifications/CompileFailed_Cue.uasset" 79
"../../../Engine/Content/EditorSounds/Notifications/CompileSuccess.uasset" 80
"../../../Engine/Content/EditorSounds/Notifications/CompileStart_Cue.uasset" 81
"../../../Engine/Content/EditorSounds/Notifications/CompileSuccess_Cue.uasset" 82
"../../../Engine/Content/EngineDamageTypes/DmgTypeBP_Environmental.uasset" 83
"../../../Engine/Content/EngineDebugMaterials/HeatmapGradient.uasset" 84
"../../../Engine/Content/EngineDebugMaterials/BoneWeightMaterial.uasset" 85
"../../../Engine/Content/EngineDebugMaterials/ClothMaterial.uasset" 86
"../../../Engine/Content/EngineDebugMaterials/ClothMaterial_WF.uasset" 87
"../../../Engine/Content/EngineDebugMaterials/DebugEditorMaterial.uasset" 88
"../../../Engine/Content/EngineDebugMaterials/DebugMeshMaterial.uasset" 89
"../../../Engine/Content/EngineDebugMaterials/GeomMaterial.uasset" 90
"../../../Engine/Content/EngineDebugMaterials/M_SimpleTranslucent.uasset" 91
"../../../Engine/Content/Functions/Engine_MaterialFunctions02/Utility/CameraDirectionVector.uasset" 92
"../../../Engine/Content/EngineDebugMaterials/VolumeToRender.uasset" 93
"../../../Engine/Content/EngineDebugMaterials/M_VolumeRenderSphereTracePP.uasset" 94
"../../../Engine/Content/EngineDebugMaterials/WireframeMaterial.uasset" 95
"../../../Engine/Content/EngineFonts/Faces/RobotoBold.uasset" 96
"../../../Engine/Content/EngineFonts/Faces/RobotoBoldItalic.uasset" 97
"../../../Engine/Content/EngineFonts/Faces/RobotoItalic.uasset" 98
"../../../Engine/Content/EngineFonts/Faces/RobotoLight.uasset" 99
"../../../Engine/Content/EngineFonts/Faces/RobotoRegular.uasset" 100
"../../../Engine/Content/EngineFonts/Roboto.uasset" 101
"../../../Engine/Content/EngineFonts/Faces/RobotoTiny.uasset" 102
"../../../Engine/Content/EngineFonts/RobotoTiny.uasset" 103
"../../../Engine/Content/EngineMaterials/BaseFlattenDiffuseMap.uasset" 104
"../../../Engine/Content/EngineMaterials/BaseFlattenEmissiveMap.uasset" 105
"../../../Engine/Content/EngineMaterials/BaseFlattenGrayscaleMap.uasset" 106
"../../../Engine/Content/EngineMaterials/BaseFlattenNormalMap.uasset" 107
"../../../Engine/Content/EngineMaterials/BaseFlattenMaterial.uasset" 108
"../../../Engine/Content/EngineMaterials/BlueNoise.uasset" 109
"../../../Engine/Content/EngineMaterials/DefaultBloomKernel.uasset" 110
"../../../Engine/Content/EngineMaterials/DefaultBokeh.uasset" 111
"../../../Engine/Content/EngineMaterials/DefaultDiffuse.uasset" 112
"../../../Engine/Content/EngineMaterials/DefaultDeferredDecalMaterial.uasset" 113
"../../../Engine/Content/EngineMaterials/DefaultLightFunctionMaterial.uasset" 114
"../../../Engine/Content/EngineMaterials/DefaultPhysicalMaterial.uasset" 115
"../../../Engine/Content/Functions/Engine_MaterialFunctions02/Utility/BreakOutFloat2Components.uasset" 116
"../../../Engine/Content/EngineMaterials/DefaultPostProcessMaterial.uasset" 117
"../../../Engine/Content/EngineFonts/RobotoDistanceField.uasset" 118
"../../../Engine/Content/EngineMaterials/DefaultTextMaterialOpaque.uasset" 119
"../../../Engine/Content/EngineMaterials/DefaultVirtualTextureMaterial.uasset" 120
"../../../Engine/Content/EngineMaterials/DefaultWhiteGrid.uasset" 121
"../../../Engine/Content/EngineMaterials/EditorBrushMaterial.uasset" 122
"../../../Engine/Content/EngineMaterials/DefaultWhiteGrid_Low.uasset" 123
"../../../Engine/Content/EngineMaterials/EmissiveMeshMaterial.uasset" 124
"../../../Engine/Content/EngineMaterials/MiniFont.uasset" 125
"../../../Engine/Content/EngineMaterials/InvalidLightmapSettings.uasset" 126
"../../../Engine/Content/EngineMaterials/M_InvalidLightmapSettings.uasset" 127
"../../../Engine/Content/Functions/Engine_MaterialFunctions02/WorldPositionOffset/CameraOffset.uasset" 128
"../../../Engine/Content/EngineMaterials/PhAT_JointLimitMaterial.uasset" 129
"../../../Engine/Content/EngineMaterials/PreintegratedSkinBRDF.uasset" 130
"../../../Engine/Content/EngineMaterials/RemoveSurfaceMaterial.uasset" 131
"../../../Engine/Content/EngineMaterials/WeightMapPlaceholderTexture.uasset" 132
"../../../Engine/Content/EngineResources/WhiteSquareTexture.uasset" 133
"../../../Engine/Content/EngineMaterials/Widget3DPassThrough.uasset" 134
"../../../Engine/Content/EngineMaterials/Widget3DPassThrough_Masked.uasset" 135
"../../../Engine/Content/EngineMaterials/Widget3DPassThrough_Opaque.uasset" 136
"../../../Engine/Content/EngineMaterials/Widget3DPassThrough_Masked_OneSided.uasset" 137
"../../../Engine/Content/EngineMaterials/Widget3DPassThrough_Opaque_OneSided.uasset" 138
"../../../Engine/Content/EngineMaterials/Widget3DPassThrough_Translucent.uasset" 139
"../../../Engine/Content/EngineMaterials/Widget3DPassThrough_Translucent_OneSided.uasset" 140
"../../../Engine/Content/EngineMeshes/Cylinder.uasset" 141
"../../../Engine/Content/EngineMeshes/Sphere.uasset" 142
"../../../Engine/Content/EngineResources/DefaultTexture.uasset" 143
"../../../Engine/Content/EngineResources/DefaultTextureCube.uasset" 144
"../../../Engine/Content/EngineResources/DefaultVolumeTexture2D.uasset" 145
"../../../Engine/Content/EngineResources/DefaultVolumeTexture.uasset" 146
"../../../Engine/Content/EngineResources/GradientTexture0.uasset" 147
"../../../Engine/Content/EngineSounds/Master.uasset" 148
"../../../Engine/Content/Functions/Engine_MaterialFunctions01/Shading/ConvertFromDiffSpec.uasset" 149
"../../../Engine/Content/Functions/Engine_MaterialFunctions01/Shading/PowerToRoughness.uasset" 150
"../../../Engine/Content/Maps/Templates/Thumbnails/Default.uasset" 151
"../../../Engine/Content/Maps/Templates/Thumbnails/VR-Basic.uasset" 152
"../../../Engine/Content/MobileResources/T_MobileControls_texture.uasset" 153
"../../../Engine/Content/MobileResources/T_MobileMenu2.uasset" 154
"../../../Engine/Content/MobileResources/HUD/AnalogHat.uasset" 155
"../../../Engine/Content/MobileResources/HUD/VirtualJoystick_Background.uasset" 156
"../../../Engine/Content/MobileResources/HUD/VirtualJoystick_Thumb.uasset" 157
"../../../Engine/Content/MobileResources/HUD/DefaultVirtualJoysticks.uasset" 158
"../../../Engine/Content/MobileResources/HUD/LeftVirtualJoystickOnly.uasset" 159
"../../../Engine/Content/MobileResources/HUD/MobileHUDButton1_off.uasset" 160
"../../../Engine/Content/MobileResources/HUD/MobileHUDButton1_on.uasset" 161
"../../../Engine/Content/MobileResources/HUD/MobileHUDButton2_off.uasset" 162
"../../../Engine/Content/MobileResources/HUD/MobileHUDButton2_on.uasset" 163
"../../../Engine/Content/MobileResources/HUD/MobileHUDButton3.uasset" 164
"../../../Engine/Content/MobileResources/HUD/MobileHUDButtonFire.uasset" 165
"../../../Engine/Content/MobileResources/HUD/MobileHUDDirectionPad.uasset" 166
"../../../Engine/Content/MobileResources/HUD/MobileHUDDirectionPad2.uasset" 167
"../../../Engine/Content/MobileResources/HUD/MobileHUDDirectionPad3.uasset" 168
"../../../Engine/Content/MobileResources/HUD/MobileHUDDirectionStick.uasset" 169
"../../../Engine/Content/MobileResources/HUD/T_Castle_ThumbstickInner.uasset" 170
"../../../Engine/Content/MobileResources/HUD/T_Castle_ThumbstickOutter.uasset" 171
"../../../Engine/Content/Tutorial/ContentIntroCurve.uasset" 172
"../../../Engine/Content/Tutorial/Basics/LevelEditorAttract.uasset" 173
"../../../Engine/Content/VREditor/LaserPointer/VR_LaserPower_01.uasset" 174
"../../../Engine/Content/VREditor/TransformGizmo/TransformGizmoMaterial.uasset" 175
"../../../Engine/Content/VREditor/TransformGizmo/TranslucentTransformGizmoMaterial.uasset" 176
"../../../Engine/Content/VREditor/TransformGizmo/BoundingBoxCorner.uasset" 177
"../../../Engine/Content/VREditor/TransformGizmo/BoundingBoxEdge.uasset" 178
"../../../Engine/Content/VREditor/TransformGizmo/PlaneTranslationHandle.uasset" 179
"../../../Engine/Content/VREditor/TransformGizmo/Main.uasset" 180
"../../../Engine/Content/VREditor/TransformGizmo/Xray.uasset" 181
"../../../Engine/Content/VREditor/TransformGizmo/SM_Sequencer_Key.uasset" 182
"../../../Engine/Content/VREditor/TransformGizmo/SM_Sequencer_Node.uasset" 183
"../../Plugins/2D/Paper2D/Content/PlaceholderTextures/DummySpriteTexture.uasset" 184
"../../Plugins/2D/Paper2D/Content/DummySprite.uasset" 185
"../../Plugins/2D/Paper2D/Content/DefaultPaperTerrainMaterial.uasset" 186
"../../Plugins/2D/Paper2D/Content/DummySpriteTexture.uasset" 187
"../../Plugins/2D/Paper2D/Content/DefaultSpriteMaterial.uasset" 188
"../../Plugins/2D/Paper2D/Content/MaskedUnlitSpriteMaterial.uasset" 189
"../../Plugins/2D/Paper2D/Content/OpaqueUnlitSpriteMaterial.uasset" 190
"../../Plugins/Runtime/Oculus/OculusVR/Content/OculusMR_RenderTarget.uasset" 191
"../../../Engine/Content/Functions/Engine_MaterialFunctions02/Utility/BreakOutFloat4Components.uasset" 192
"../../../Engine/Content/Functions/Engine_MaterialFunctions02/Utility/MakeFloat2.uasset" 193
"../../../Engine/Content/Functions/Engine_MaterialFunctions02/Utility/MakeFloat3.uasset" 194
"../../Plugins/Runtime/Oculus/OculusVR/Content/Materials/OculusMR_ChromaKey.uasset" 195
"../../Plugins/Runtime/Oculus/OculusVR/Content/Materials/OculusMR_ChromaKey_Lit.uasset" 196
"../../Plugins/Runtime/Oculus/OculusVR/Content/Materials/OculusMR_OpaqueColoredMaterial.uasset" 197
"../../Plugins/Runtime/Oculus/OculusVR/Content/Materials/OculusMR_WhiteMaterial.uasset" 198
"../../../../../../SS/Content/ParagonPhase/Characters/Heroes/Phase/Meshes/Paragon_Proto_Retarget.uasset" 199
"../../../../../../SS/Content/ParagonPhase/Characters/Heroes/Phase/Meshes/phase_Skeleton.uasset" 200
"../../../../../../SS/Content/ParagonPhase/Characters/Heroes/Phase/Animations/AimOffset/Idle_AO_CC.uasset" 201
"../../../../../../SS/Content/ParagonPhase/Characters/Heroes/Phase/Animations/AimOffset/Idle_AO_CD.uasset" 202
"../../../../../../SS/Content/ParagonPhase/Characters/Heroes/Phase/Animations/AimOffset/Idle_AO_CU.uasset" 203
"../../../../../../SS/Content/ParagonPhase/Characters/Heroes/Phase/Animations/AimOffset/Idle_AO_LC.uasset" 204
"../../../../../../SS/Content/ParagonPhase/Characters/Heroes/Phase/Animations/AimOffset/Idle_AO_LD.uasset" 205
"../../../../../../SS/Content/ParagonPhase/Characters/Heroes/Phase/Animations/AimOffset/Idle_AO_LU.uasset" 206
"../../../../../../SS/Content/ParagonPhase/Characters/Heroes/Phase/Animations/AimOffset/Idle_AO_RC.uasset" 207
"../../../../../../SS/Content/ParagonPhase/Characters/Heroes/Phase/Animations/AimOffset/Idle_AO_RD.uasset" 208
"../../../../../../SS/Content/ParagonPhase/Characters/Heroes/Phase/Animations/AimOffset/Idle_AO_RU.uasset" 209
"../../../../../../SS/Content/ParagonPhase/Characters/Heroes/Phase/Animations/Idle.uasset" 210
"../../../../../../SS/Content/ParagonPhase/Characters/Heroes/Phase/Animations/AimOffset/Idle_AO.uasset" 211
"../../../../../../SS/Content/ParagonPhase/Characters/Heroes/Phase/Animations/LevelStart.uasset" 212
"../../../../../../SS/Content/ParagonPhase/Characters/Heroes/Phase/Animations/LevelStart_Montage.uasset" 213
"../../../../../../SS/Content/ParagonPhase/Characters/Heroes/Phase/Animations/Jog_Fwd_Start.uasset" 214
"../../../../../../SS/Content/ParagonPhase/Characters/Heroes/Phase/Animations/Jog_Fwd_Stop.uasset" 215
"../../../../../../SS/Content/ParagonPhase/Characters/Heroes/Phase/Animations/Jump_Apex.uasset" 216
"../../../../../../SS/Content/ParagonPhase/Characters/Heroes/Phase/Animations/Jump_Land.uasset" 217
"../../../../../../SS/Content/ParagonPhase/Characters/Heroes/Phase/Animations/Jump_Recovery_Additive.uasset" 218
"../../../../../../SS/Content/ParagonPhase/Characters/Heroes/Phase/Animations/Jump_Start.uasset" 219
"../../../../../../SS/Content/ParagonPhase/Characters/Heroes/Phase/Animations/Jog_Fwd.uasset" 220
"../../../../../../SS/Content/ParagonPhase/Characters/Heroes/Phase/Animations/Jog_Fwd_Circle_Left.uasset" 221
"../../../../../../SS/Content/ParagonPhase/Characters/Heroes/Phase/Animations/Jog_Fwd_Circle_Right.uasset" 222
"../../../../../../SS/Content/ParagonPhase/Characters/Heroes/Phase/Animations/Jog_Fwd_Downhill.uasset" 223
"../../../../../../SS/Content/ParagonPhase/Characters/Heroes/Phase/Animations/Jog_Fwd_Uphill.uasset" 224
"../../../../../../SS/Content/ParagonPhase/Characters/Heroes/Phase/Animations/BlendSpaces/JogFwdSlopeLean.uasset" 225
"../../../../../../SS/Content/ParagonPhase/Characters/Heroes/Phase/Phase_AnimBlueprint.uasset" 226
"../../../../../../SS/Content/ParagonPhase/Characters/Heroes/Phase/Animations/Primary_Attack_A_Medium.uasset" 227
"../../../../../../SS/Content/ParagonPhase/Characters/Heroes/Phase/Animations/Primary_Attack_A_Medium_Montage.uasset" 228
"../../../../../../SS/Content/ParagonPhase/Characters/Heroes/Phase/Animations/Primary_Attack_B_Medium.uasset" 229
"../../../../../../SS/Content/ParagonPhase/Characters/Heroes/Phase/Animations/Primary_Attack_B_Medium_Montage.uasset" 230
"../../../../../../SS/Content/ParagonPhase/Characters/Heroes/Phase/Animations/Primary_Attack_C_Medium.uasset" 231
"../../../../../../SS/Content/ParagonPhase/Characters/Heroes/Phase/Animations/Primary_Attack_C_Medium_Montage.uasset" 232
"../../../../../../SS/Content/ParagonPhase/Characters/Heroes/Phase/Animations/Primary_Attack_D_Medium.uasset" 233
"../../../../../../SS/Content/ParagonPhase/Characters/Heroes/Phase/Animations/Primary_Attack_D_Medium_Montage.uasset" 234
"../../../Engine/Content/Functions/Engine_MaterialFunctions01/Gradient/LinearGradient.uasset" 235
"../../../Engine/Content/Functions/Engine_MaterialFunctions01/ImageAdjustment/CheapContrast.uasset" 236
"../../../Engine/Content/Functions/Engine_MaterialFunctions01/Shading/MetallicShading.uasset" 237
"../../../Engine/Content/Functions/Engine_MaterialFunctions01/Texturing/WorldAlignedTexture.uasset" 238
"../../../Engine/Content/Functions/Engine_MaterialFunctions02/Texturing/ScreenAlignedPixelToPixelUVs.uasset" 239
"../../../Engine/Content/Functions/Engine_MaterialFunctions02/Utility/BreakOutFloat3Components.uasset" 240
"../../../Engine/Content/EngineMaterials/Good64x64TilingNoiseHighFreq.uasset" 241
"../../../Engine/Content/Functions/Engine_MaterialFunctions02/Utility/DitherTemporalAA.uasset" 242
"../../../Engine/Content/Functions/Engine_MaterialFunctions03/Blends/Lerp_ScratchGrime.uasset" 243
"../../../Engine/Content/Functions/MaterialLayerFunctions/MatLayerBlend_BreakBaseColor.uasset" 244
"../../../Engine/Content/Functions/MaterialLayerFunctions/MatLayerBlend_Emissive.uasset" 245
"../../../Engine/Content/Functions/MaterialLayerFunctions/MatLayerBlend_OverrideBaseColor.uasset" 246
"../../../Engine/Content/Functions/MaterialLayerFunctions/MatLayerBlend_Standard.uasset" 247
"../../../Engine/Content/Functions/MaterialLayerFunctions/MatLayerBlend_Tint.uasset" 248
"../../../../../../SS/Content/ParagonPhase/Characters/Global/MaterialFunctions/MaterialLayerConstructors/MLC_ScratchAndGrime.uasset" 249
"../../../Engine/Content/EngineMaterials/DefaultNormal.uasset" 250
"../../../../../../SS/Content/ParagonPhase/Characters/Global/MaterialFunctions/MaterialLayerConstructors/MLC_Standard.uasset" 251
"../../../../../../SS/Content/ParagonPhase/Characters/Global/MaterialFunctions/MF_BrightnessAdjust.uasset" 252
"../../../../../../SS/Content/ParagonPhase/Characters/Global/MaterialFunctions/Textures/T_AtmosphericCloudNoise01.uasset" 253
"../../../../../../SS/Content/ParagonPhase/Characters/Global/MaterialFunctions/Textures/T_AtmosphericCloudNoise01_N.uasset" 254
"../../../../../../SS/Content/ParagonPhase/Characters/Global/MaterialFunctions/Textures/T_AtmosphericCloudNoise03.uasset" 255
"../../../../../../SS/Content/ParagonPhase/Characters/Global/MaterialFunctions/MF_DeathFade.uasset" 256
"../../../../../../SS/Content/ParagonPhase/Characters/Global/MaterialLayers/T_TestML_Mask.uasset" 257
"../../../../../../SS/Content/ParagonPhase/Characters/Global/MaterialLayers/ML__Blank.uasset" 258
"../../../../../../SS/Content/ParagonPhase/Characters/Global/ParameterCollections/OrionGlobalGameplayCollection.uasset" 259
"../../../../../../SS/Content/ParagonPhase/Characters/Global/MaterialFunctions/MF_HitFlash.uasset" 260
"../../../../../../SS/Content/ParagonPhase/Characters/Global/MaterialLayers/Metal/T_Blue_Metal02.uasset" 261
"../../../../../../SS/Content/ParagonPhase/Characters/Global/MaterialLayers/Rubber/T_Blank_N.uasset" 262
"../../../../../../SS/Content/ParagonPhase/Characters/Global/MaterialLayers/Metal/ML_blue_Metal.uasset" 263
"../../../../../../SS/Content/ParagonPhase/Characters/Global/MaterialFunctions/MF_OrionRimlight.uasset" 264
"../../../../../../SS/Content/ParagonPhase/Characters/Global/MaterialFunctions/MF_CharacterEffects.uasset" 265
"../../../../../../SS/Content/ParagonPhase/Characters/Global/Eyelash/T_Femme_Eyelashes_D.uasset" 266
"../../../../../../SS/Content/ParagonPhase/Characters/Global/Eyelash/T_Femme_Eyelashes_N.uasset" 267
"../../../../../../SS/Content/ParagonPhase/Characters/Global/Eyelash/M_EyelashMaster_N.uasset" 268
"../../../../../../SS/Content/ParagonPhase/Characters/Global/Mouth/Materials/TeethSubsurfaceProfile.uasset" 269
"../../../../../../SS/Content/ParagonPhase/Characters/Global/Mouth/Textures/T_Master_Mouth_1_COLOR.uasset" 270
"../../../../../../SS/Content/ParagonPhase/Characters/Global/Mouth/Textures/T_Master_Mouth_1_N.uasset" 271
"../../../../../../SS/Content/ParagonPhase/Characters/Global/Mouth/Textures/T_Master_Mouth_1_RGB.uasset" 272
"../../../../../../SS/Content/ParagonPhase/Characters/Global/Mouth/Materials/M_Mouth_Master.uasset" 273
"../../../../../../SS/Content/ParagonPhase/Characters/Global/Mouth/Textures/T_TeethAndTongue_D2.uasset" 274
"../../../../../../SS/Content/ParagonPhase/Characters/Global/Mouth/Textures/T_TeethAndTongue_N.uasset" 275
"../../../../../../SS/Content/ParagonPhase/Characters/Global/Mouth/Materials/M_Mouth_MId_color.uasset" 276
"../../../Engine/Content/Functions/Engine_MaterialFunctions01/ImageAdjustment/DeriveHDRfromLDR.uasset" 277
"../../../Engine/Content/Functions/Engine_MaterialFunctions01/Texturing/FlattenNormal.uasset" 278
"../../../Engine/Content/Functions/Engine_MaterialFunctions01/Texturing/ScaleUVsByCenter.uasset" 279
"../../../Engine/Content/Functions/Engine_MaterialFunctions02/HueShift.uasset" 280
"../../../Engine/Content/Functions/Engine_MaterialFunctions02/TangentBasis.uasset" 281
"../../../Engine/Content/Functions/Engine_MaterialFunctions02/Utility/VectorLength.uasset" 282
"../../../../../../SS/Content/ParagonPhase/Characters/Global/Eyes/Textures/T_EyeMidPlaneDisplacement_Example.uasset" 283
"../../../../../../SS/Content/ParagonPhase/Characters/Global/Eyes/MaterialFunctions/ML_EyeRefraction.uasset" 284
"../../../../../../SS/Content/ParagonPhase/Characters/Global/FX/Textures/Flares/T_Phase_Corona_D.uasset" 285
"../../../../../../SS/Content/ParagonPhase/Characters/Global/MaterialLayers/ML_TacticiaULTEye.uasset" 286
"../../../../../../SS/Content/ParagonPhase/Characters/Global/Eyes/Textures/EpicQuadPanorama_CC.uasset" 287
"../../../../../../SS/Content/ParagonPhase/Characters/Global/Eyes/Textures/EyeInner_Profile.uasset" 288
"../../../../../../SS/Content/ParagonPhase/Characters/Global/Eyes/Textures/T_DecalMask_Radial03.uasset" 289
"../../../../../../SS/Content/ParagonPhase/Characters/Global/Eyes/Textures/T_EYE_NORMALS.uasset" 290
"../../../../../../SS/Content/ParagonPhase/Characters/Global/Eyes/Textures/T_Eye_Wet_Normal.uasset" 291
"../../../../../../SS/Content/ParagonPhase/Characters/Global/Eyes/Textures/T_EyeIrisBaseColor_Example_2.uasset" 292
"../../../../../../SS/Content/ParagonPhase/Characters/Global/Eyes/Textures/T_EyeScleraBaseColor_Example_2.uasset" 293
"../../../../../../SS/Content/ParagonPhase/Characters/Global/Eyes/Textures/T_Sphere_EYE_NORMALS.uasset" 294
"../../../../../../SS/Content/ParagonPhase/Characters/Global/Eyes/Textures/T_Swirly_Noise.uasset" 295
"../../../../../../SS/Content/ParagonPhase/Characters/Global/Eyes/Materials/M_EyeRefractive.uasset" 296
"../../../../../../SS/Content/ParagonPhase/Characters/Global/Eyes/Textures/T_EyeIrisBaseColor_Example_6.uasset" 297
"../../../../../../SS/Content/ParagonPhase/Characters/Heroes/Phase/Materials/M_Phase_Eye.uasset" 298
"../../../Engine/Content/Functions/Engine_MaterialFunctions01/ImageAdjustment/BlurSampleOffsets.uasset" 299
"../../../Engine/Content/Functions/Engine_MaterialFunctions01/ImageAdjustment/SceneTextureAverage.uasset" 300
"../../../Engine/Content/Functions/Engine_MaterialFunctions02/Utility/CameraVectorWithWPOOptions.uasset" 301
"../../../../../../SS/Content/ParagonPhase/Characters/Global/Eyes/Textures/T_EyeOcclusion2.uasset" 302
"../../../../../../SS/Content/ParagonPhase/Characters/Global/Eyes/Materials/M_Eye_Occlusion.uasset" 303
"../../../../../../SS/Content/ParagonPhase/Characters/Heroes/Phase/Materials/M_Phase_Eye_Occlusion.uasset" 304
"../../../Engine/Content/Functions/Engine_MaterialFunctions02/Math/MultiplyAdd.uasset" 305
"../../../../../../SS/Content/ParagonPhase/Characters/Global/Hair/Materials/MF_BlendHairColorsWithParam.uasset" 306
"../../../../../../SS/Content/ParagonPhase/Characters/Global/MaterialFunctions/ParagonCharacterHairWind.uasset" 307
"../../../Engine/Content/EditorMaterials/Cascade/CASC_Solo_On.uasset" 308
"../../../Engine/Content/EngineResources/Black.uasset" 309
"../../../../../../SS/Content/ParagonPhase/Characters/Global/FX/Textures/Gradients/Masks/T_gradient_stasis.uasset" 310
"../../../../../../SS/Content/ParagonPhase/Characters/Global/FX/Textures/Water/T_Caustics_2.uasset" 311
"../../../../../../SS/Content/ParagonPhase/Characters/Global/Hair/T_Fire_Tiled_D.uasset" 312
"../../../../../../SS/Content/ParagonPhase/Characters/Global/Hair/TestContent/T_HairClump02_Alpha.uasset" 313
"../../../../../../SS/Content/ParagonPhase/Characters/Global/Hair/TestContent/T_HairClump02_Depth.uasset" 314
"../../../../../../SS/Content/ParagonPhase/Characters/Global/Hair/TestContent/T_HairClump02_DyeMask.uasset" 315
"../../../../../../SS/Content/ParagonPhase/Characters/Global/Hair/TestContent/T_HairClump02_ID.uasset" 316
"../../../../../../SS/Content/ParagonPhase/Characters/Global/Hair/TestContent/T_HairClump02_Roots.uasset" 317
"../../../../../../SS/Content/ParagonPhase/Characters/Global/T_Black_Linear.uasset" 318
"../../../../../../SS/Content/ParagonPhase/Characters/Global/Hair/Materials/M_HairSheet_Master2.uasset" 319
"../../../../../../SS/Content/ParagonPhase/Characters/Global/Hair/SharedHairContent/Dye_MaskGradients/T_Gradient.uasset" 320
"../../../../../../SS/Content/ParagonPhase/Characters/Global/Hair/SharedHairContent/FemaleHair_Straight_Venus/T_Depth.uasset" 321
"../../../../../../SS/Content/ParagonPhase/Characters/Global/Hair/SharedHairContent/FemaleHair_Straight_Venus/T_Diffuse.uasset" 322
"../../../../../../SS/Content/ParagonPhase/Characters/Global/Hair/Textures/T_PhaseHair_Flow.uasset" 323
"../../../../../../SS/Content/ParagonPhase/Characters/Heroes/Phase/Textures/T_A_Phase_hair_01.uasset" 324
"../../../../../../SS/Content/ParagonPhase/Characters/Heroes/Phase/Textures/T_ID_Phase_hair_01.uasset" 325
"../../../../../../SS/Content/ParagonPhase/Characters/Heroes/Phase/Textures/T_ROOT_Phase_hair_01.uasset" 326
"../../../../../../SS/Content/ParagonPhase/Characters/Heroes/Phase/Materials/M_Phase_hair_short.uasset" 327
"../../../../../../SS/Content/ParagonPhase/Characters/Global/Eyes/Materials/M_TearLine.uasset" 328
"../../../../../../SS/Content/ParagonPhase/Characters/Heroes/Phase/Materials/M_Phase_TearLine.uasset" 329
"../../../Engine/Content/EngineMaterials/BlendFunc_DefBase.uasset" 330
"../../../Engine/Content/EngineMaterials/BlendFunc_DefBlend.uasset" 331
"../../../Engine/Content/Functions/Engine_MaterialFunctions03/Blends/Blend_Screen.uasset" 332
"../../../Engine/Content/Functions/MaterialLayerFunctions/MatLayerBlend_BakedNormal.uasset" 333
"../../../Engine/Content/Functions/MaterialLayerFunctions/MatLayerBlend_TenLayerBlend.uasset" 334
"../../../../../../SS/Content/ParagonPhase/Characters/Global/MaterialFunctions/MaterialLayerConstructors/MF_BaseColorTintAndContrast.uasset" 335
"../../../../../../SS/Content/ParagonPhase/Characters/Global/MaterialFunctions/MaterialLayerConstructors/MF_RoughnessAdjustment.uasset" 336
"../../../../../../SS/Content/ParagonPhase/Characters/Global/MaterialFunctions/MF_Fuzz_Layer.uasset" 337
"../../../../../../SS/Content/ParagonPhase/Characters/Global/MaterialFunctions/MF_Lerp_GammaColor.uasset" 338
"../../../../../../SS/Content/ParagonPhase/Characters/Global/MaterialFunctions/MF_OrionCharacterAO.uasset" 339
"../../../../../../SS/Content/ParagonPhase/Characters/Global/MaterialLayers/Fabric/T_FineFabric01_N.uasset" 340
"../../../../../../SS/Content/ParagonPhase/Characters/Global/MaterialLayers/Fabric/T_FineFabric01.uasset" 341
"../../../../../../SS/Content/ParagonPhase/Characters/Global/MaterialLayers/Fabric/ML_ColorableCloth.uasset" 342
"../../../../../../SS/Content/ParagonPhase/Characters/Global/MaterialLayers/Fabric/T_ML_Fabric_Blue_Medium_N.uasset" 343
"../../../../../../SS/Content/ParagonPhase/Characters/Global/MaterialLayers/Fabric/T_ML_Fabric_Shiny_Gray.uasset" 344
"../../../../../../SS/Content/ParagonPhase/Characters/Global/MaterialLayers/Fabric/ML_ColorableCloth2.uasset" 345
"../../../../../../SS/Content/ParagonPhase/Characters/Global/MaterialLayers/Fabric/T_GoldFabric01_N.uasset" 346
"../../../../../../SS/Content/ParagonPhase/Characters/Global/MaterialLayers/Fabric/T_silkroughness.uasset" 347
"../../../../../../SS/Content/ParagonPhase/Characters/Global/MaterialLayers/Fabric/ML_RoyalSilk.uasset" 348
"../../../../../../SS/Content/ParagonPhase/Characters/Global/MaterialLayers/Leather/T_ML_FineLeather01_N.uasset" 349
"../../../../../../SS/Content/ParagonPhase/Characters/Global/MaterialLayers/Leather/T_ML_FineLeather01.uasset" 350
"../../../../../../SS/Content/ParagonPhase/Characters/Global/MaterialLayers/Leather/ML_ThinLeather01_Colored.uasset" 351
"../../../../../../SS/Content/ParagonPhase/Characters/Global/FX/Textures/Tile/Noise/T_Noise_Rough_Dark_Big.uasset" 352
"../../../../../../SS/Content/ParagonPhase/Characters/Global/MaterialLayers/Metal/T_Gray_Flat_Black.uasset" 353
"../../../../../../SS/Content/ParagonPhase/Characters/Global/MaterialLayers/Metal/T_Metal_SandCast_Med_N.uasset" 354
"../../../../../../SS/Content/ParagonPhase/Characters/Global/MaterialLayers/Metal/T_ScratchMask.uasset" 355
"../../../../../../SS/Content/ParagonPhase/Characters/Global/MaterialLayers/Metal/ML_Metal_SandCast.uasset" 356
"../../../../../../SS/Content/ParagonPhase/Characters/Global/MaterialLayers/Painted/ML_Plain_Glossy_Plastic.uasset" 357
"../../../../../../SS/Content/ParagonPhase/Characters/Global/MaterialLayers/Fabric/T_Kurohane_Eye_D.uasset" 358
"../../../../../../SS/Content/ParagonPhase/Characters/Global/MaterialLayers/Metal/T_Blank_N.uasset" 359
"../../../../../../SS/Content/ParagonPhase/Characters/Global/MaterialLayers/Synthetics/ML_Gem.uasset" 360
"../../../../../../SS/Content/ParagonPhase/Characters/Heroes/Phase/Materials/Layers/ML_Phase_Cloth.uasset" 361
"../../../../../../SS/Content/ParagonPhase/Characters/Heroes/Phase/Materials/Layers/ML_Phase_Fabric.uasset" 362
"../../../../../../SS/Content/ParagonPhase/Characters/Heroes/Phase/Materials/Layers/ML_Phase_Gem.uasset" 363
"../../../../../../SS/Content/ParagonPhase/Characters/Heroes/Phase/Materials/Layers/ML_Phase_Hard_Leather.uasset" 364
"../../../../../../SS/Content/ParagonPhase/Characters/Heroes/Phase/Materials/Layers/ML_Phase_Hard_Plastic.uasset" 365
"../../../../../../SS/Content/ParagonPhase/Characters/Heroes/Phase/Materials/Layers/ML_Phase_Metal.uasset" 366
"../../../../../../SS/Content/ParagonPhase/Characters/Heroes/Phase/Materials/Layers/ML_Phase_Silk.uasset" 367
"../../../../../../SS/Content/ParagonPhase/Characters/Heroes/Phase/Textures/T_Phase_Backpack_Purse_Mask01.uasset" 368
"../../../../../../SS/Content/ParagonPhase/Characters/Heroes/Phase/Textures/T_Phase_Backpack_Purse_Mask02.uasset" 369
"../../../../../../SS/Content/ParagonPhase/Characters/Heroes/Phase/Textures/T_Phase_Backpack_Purse_Mask03.uasset" 370
"../../../../../../SS/Content/ParagonPhase/Characters/Heroes/Phase/Textures/T_Phase_Backpack_Purse_N.uasset" 371
"../../../../../../SS/Content/ParagonPhase/Characters/Heroes/Phase/Textures/T_Phase_Backpack_Purse_RGBAO.uasset" 372
"../../../../../../SS/Content/ParagonPhase/Characters/Heroes/Phase/Materials/Parent/M_Phase_backpack_purse.uasset" 373
"../../../../../../SS/Content/ParagonPhase/Characters/Heroes/Phase/Materials/MIC_Phase_backpack_purse.uasset" 374
"../../../Engine/Content/Functions/MaterialLayerFunctions/MatLayerBlend_RoughnessOverride.uasset" 375
"../../../../../../SS/Content/ParagonPhase/Characters/Global/MaterialLayers/Skin/T_Pore_Normals2.uasset" 376
"../../../../../../SS/Content/ParagonPhase/Characters/Global/MaterialLayers/Skin/T_Pore_Specular.uasset" 377
"../../../../../../SS/Content/ParagonPhase/Characters/Global/MaterialFunctions/MF_SkinPores.uasset" 378
"../../../../../../SS/Content/ParagonPhase/Characters/Global/MaterialLayers/Leather/T_Dark_Leather_N.uasset" 379
"../../../../../../SS/Content/ParagonPhase/Characters/Global/MaterialLayers/Leather/T_Light_Leather2.uasset" 380
"../../../../../../SS/Content/ParagonPhase/Characters/Global/MaterialLayers/Leather/ML_Light_Leather_Brown2.uasset" 381
"../../../../../../SS/Content/ParagonPhase/Characters/Global/MaterialLayers/Skin/ML_Skin.uasset" 382
"../../../../../../SS/Content/ParagonPhase/Characters/Heroes/Phase/Materials/Layers/MF_Lipstick_Basic.uasset" 383
"../../../../../../SS/Content/ParagonPhase/Characters/Heroes/Phase/Materials/Layers/ML_Phase_Leather.uasset" 384
"../../../../../../SS/Content/ParagonPhase/Characters/Heroes/Phase/Materials/Layers/ML_Phase_NailPolish.uasset" 385
"../../../../../../SS/Content/ParagonPhase/Characters/Heroes/Phase/Materials/SSP_Phase_Skin.uasset" 386
"../../../../../../SS/Content/ParagonPhase/Characters/Heroes/Phase/Textures/T_Phase_body_head_2_DIFF.uasset" 387
"../../../../../../SS/Content/ParagonPhase/Characters/Heroes/Phase/Textures/T_Phase_body_head_2_Skin_Mask.uasset" 388
"../../../../../../SS/Content/ParagonPhase/Characters/Heroes/Phase/Textures/T_Phase_body_head_2_Skin_Mask02.uasset" 389
"../../../../../../SS/Content/ParagonPhase/Characters/Heroes/Phase/Textures/T_Phase_Body_Head_N.uasset" 390
"../../../../../../SS/Content/ParagonPhase/Characters/Heroes/Phase/Materials/Parent/M_Phase_body_head.uasset" 391
"../../../../../../SS/Content/ParagonPhase/Characters/Heroes/Phase/Materials/MIC_Phase_body_head.uasset" 392
"../../../../../../SS/Content/ParagonPhase/Characters/Heroes/Phase/Materials/Layers/T_Basic_Flesh_Color.uasset" 393
"../../../../../../SS/Content/ParagonPhase/Characters/Heroes/Phase/Materials/Layers/T_Basic_Flesh_Color_N.uasset" 394
"../../../../../../SS/Content/ParagonPhase/Characters/Heroes/Phase/Materials/Layers/ML_Basic_Fleah_Color.uasset" 395
"../../../../../../SS/Content/ParagonPhase/Characters/Heroes/Phase/Textures/T_Phase_Jacket_tights_Mask01.uasset" 396
"../../../../../../SS/Content/ParagonPhase/Characters/Heroes/Phase/Textures/T_Phase_Jacket_tights_Mask02.uasset" 397
"../../../../../../SS/Content/ParagonPhase/Characters/Heroes/Phase/Textures/T_Phase_Jacket_tights_Mask03.uasset" 398
"../../../../../../SS/Content/ParagonPhase/Characters/Heroes/Phase/Textures/T_Phase_Jacket_tights_N.uasset" 399
"../../../../../../SS/Content/ParagonPhase/Characters/Heroes/Phase/Textures/T_Phase_Jacket_tights_RGBAO.uasset" 400
"../../../../../../SS/Content/ParagonPhase/Characters/Heroes/Phase/Materials/Parent/M_Phase_jacket_tights.uasset" 401
"../../../../../../SS/Content/ParagonPhase/Characters/Heroes/Phase/Materials/MIC_Phase_jacket.uasset" 402
"../../../../../../SS/Content/ParagonPhase/Characters/Heroes/Phase/Textures/T_Lace_Mask.uasset" 403
"../../../../../../SS/Content/ParagonPhase/Characters/Heroes/Phase/Textures/T_Lace_N.uasset" 404
"../../../../../../SS/Content/ParagonPhase/Characters/Heroes/Phase/Materials/Parent/M_Phase_lace.uasset" 405
"../../../../../../SS/Content/ParagonPhase/Characters/Heroes/Phase/Materials/MIC_Phase_lace.uasset" 406
"../../../../../../SS/Content/ParagonPhase/Characters/Heroes/Phase/Textures/T_Phase_Skirt_Shoe_Jewelery_Mask01.uasset" 407
"../../../../../../SS/Content/ParagonPhase/Characters/Heroes/Phase/Textures/T_Phase_Skirt_Shoe_Jewelery_Mask02.uasset" 408
"../../../../../../SS/Content/ParagonPhase/Characters/Heroes/Phase/Textures/T_Phase_Skirt_Shoe_Jewelery_Mask03.uasset" 409
"../../../../../../SS/Content/ParagonPhase/Characters/Heroes/Phase/Textures/T_Phase_Skirt_Shoe_Jewelery_N.uasset" 410
"../../../../../../SS/Content/ParagonPhase/Characters/Heroes/Phase/Textures/T_Phase_Skirt_Shoe_Jewelery_RGBAO.uasset" 411
"../../../../../../SS/Content/ParagonPhase/Characters/Heroes/Phase/Materials/Parent/M_T_Phase_Skirt_Shoe_Jewelery.uasset" 412
"../../../../../../SS/Content/ParagonPhase/Characters/Heroes/Phase/Materials/MIC_T_Phase_Skirt.uasset" 413
"../../../../../../SS/Content/ParagonPhase/Characters/Heroes/Phase/Materials/MIC_T_PhaseJewelery.uasset" 414
"../../../../../../SS/Content/ParagonPhase/Characters/Heroes/Phase/Meshes/Phase_Extents.uasset" 415
"../../../../../../SS/Content/ParagonPhase/Characters/Heroes/Phase/Meshes/Phase_ShadowCyl.uasset" 416
"../../../../../../SS/Content/ParagonPhase/Characters/Heroes/Phase/Meshes/Phase_GDC.uasset" 417
"../../../../../../SS/Content/ParagonPhase/Characters/Heroes/Phase/PhasePlayerCharacter.uasset" 418
"../../../Engine/Content/EngineSky/C_Sky_Cloud_Color.uasset" 419
"../../../Engine/Content/EngineSky/C_Sky_Horizon_Color.uasset" 420
"../../../Engine/Content/EngineSky/C_Sky_Zenith_Color.uasset" 421
"../../../Engine/Content/EngineSky/T_Sky_Blue.uasset" 422
"../../../Engine/Content/EngineSky/T_Sky_Clouds_M.uasset" 423
"../../../Engine/Content/EngineSky/T_Sky_Stars.uasset" 424
"../../../Engine/Content/EngineSky/M_Sky_Panning_Clouds2.uasset" 425
"../../../Engine/Content/EngineSky/SM_SkySphere.uasset" 426
"../../../Engine/Content/EngineSky/BP_Sky_Sphere.uasset" 427
"../../../../../../SS/Content/ThirdPersonBP/Maps/ThirdPersonExampleMap_BuiltData.uasset" 428
"../../../../../../SS/Content/Geometry/Meshes/CubeMaterial.uasset" 429
"../../../../../../SS/Content/Geometry/Meshes/1M_Cube.uasset" 430
"../../../../../../SS/Content/Geometry/Meshes/1M_Cube_Chamfer.uasset" 431
"../../../../../../SS/Content/Geometry/Meshes/TemplateFloor.uasset" 432
"../../../../../../SS/Content/ThirdPerson/Meshes/RampMaterial.uasset" 433
"../../../../../../SS/Content/ThirdPerson/Meshes/Bump_StaticMesh.uasset" 434
"../../../../../../SS/Content/ThirdPerson/Meshes/LeftArm_StaticMesh.uasset" 435
"../../../../../../SS/Content/ThirdPerson/Meshes/Linear_Stair_StaticMesh.uasset" 436
"../../../../../../SS/Content/ThirdPerson/Meshes/Ramp_StaticMesh.uasset" 437
"../../../../../../SS/Content/ThirdPerson/Meshes/RightArm_StaticMesh.uasset" 438
"../../../../../../SS/Content/ThirdPersonBP/Maps/ThirdPersonExampleMap.umap" 439
"../../../Engine/Content/Maps/Entry_BuiltData.uasset" 440
"../../../Engine/Content/Maps/Entry.umap" 441
