Log file open, 11/05/19 11:41:10
LogWindows: Failed to load 'aqProf.dll' (GetLastError=126)
LogWindows: File 'aqProf.dll' does not exist
LogWindows: Failed to load 'VtuneApi.dll' (GetLastError=126)
LogWindows: File 'VtuneApi.dll' does not exist
LogWindows: Failed to load 'VtuneApi32e.dll' (GetLastError=126)
LogWindows: File 'VtuneApi32e.dll' does not exist
LogConsoleResponse: Display: Failed to find resolution value strings in scalability ini. Falling back to default.
LogInit: Display: Running engine for game: SS
LogPlatformFile: Not using cached read wrapper
LogTaskGraph: Started task graph with 5 named threads and 11 total threads with 3 sets of task threads.
LogStats: Stats thread started at 0.180503
LogD3D11RHI: Loaded GFSDK_Aftermath_Lib.x64.dll
LogICUInternationalization: ICU TimeZone Detection - Raw Offset: -7:00, Platform Override: ''
LogPluginManager: Mounting plugin Paper2D
LogPluginManager: Mounting plugin AISupport
LogPluginManager: Mounting plugin LightPropagationVolume
LogPluginManager: Mounting plugin ActorLayerUtilities
LogPluginManager: Mounting plugin AnimationSharing
LogPluginManager: Mounting plugin CLionSourceCodeAccess
LogPluginManager: Mounting plugin CodeLiteSourceCodeAccess
LogPluginManager: Mounting plugin GitSourceControl
LogPluginManager: Mounting plugin KDevelopSourceCodeAccess
LogPluginManager: Mounting plugin NullSourceCodeAccess
LogPluginManager: Mounting plugin PerforceSourceControl
LogPluginManager: Mounting plugin SubversionSourceControl
LogPluginManager: Mounting plugin UObjectPlugin
LogPluginManager: Mounting plugin VisualStudioCodeSourceCodeAccess
LogPluginManager: Mounting plugin VisualStudioSourceCodeAccess
LogPluginManager: Mounting plugin XCodeSourceCodeAccess
LogPluginManager: Mounting plugin AssetManagerEditor
LogPluginManager: Mounting plugin CryptoKeys
LogPluginManager: Mounting plugin CurveEditorTools
LogPluginManager: Mounting plugin DataValidation
LogPluginManager: Mounting plugin FacialAnimation
LogPluginManager: Mounting plugin GameplayTagsEditor
LogPluginManager: Mounting plugin MacGraphicsSwitching
LogPluginManager: Mounting plugin MaterialAnalyzer
LogPluginManager: Mounting plugin MobileLauncherProfileWizard
LogPluginManager: Mounting plugin PluginBrowser
LogPluginManager: Mounting plugin SpeedTreeImporter
LogPluginManager: Mounting plugin DatasmithContent
LogPluginManager: Mounting plugin VariantManagerContent
LogPluginManager: Mounting plugin AlembicImporter
LogPluginManager: Mounting plugin AutomationUtils
LogPluginManager: Mounting plugin BackChannel
LogPluginManager: Mounting plugin CharacterAI
LogPluginManager: Mounting plugin GeometryCache
LogPluginManager: Mounting plugin HTML5Networking
LogPluginManager: Mounting plugin PlatformCrypto
LogPluginManager: Mounting plugin ProxyLODPlugin
LogPluginManager: Mounting plugin SkeletalReduction
LogPluginManager: Mounting plugin MagicLeap
LogPluginManager: Mounting plugin MagicLeapMedia
LogPluginManager: Mounting plugin AndroidMedia
LogPluginManager: Mounting plugin AvfMedia
LogPluginManager: Mounting plugin ImgMedia
LogPluginManager: Mounting plugin MediaCompositing
LogPluginManager: Mounting plugin MediaPlayerEditor
LogPluginManager: Mounting plugin WebMMedia
LogPluginManager: Mounting plugin WmfMedia
LogPluginManager: Mounting plugin TcpMessaging
LogPluginManager: Mounting plugin UdpMessaging
LogPluginManager: Mounting plugin ActorSequence
LogPluginManager: Mounting plugin LevelSequenceEditor
LogPluginManager: Mounting plugin MatineeToLevelSequence
LogPluginManager: Mounting plugin NetcodeUnitTest
LogPluginManager: Mounting plugin NUTUnrealEngine4
LogPluginManager: Mounting plugin OnlineSubsystemGooglePlay
LogPluginManager: Mounting plugin OnlineSubsystemIOS
LogPluginManager: Mounting plugin OnlineSubsystem
LogPluginManager: Mounting plugin OnlineSubsystemNull
LogPluginManager: Mounting plugin OnlineSubsystemUtils
LogPluginManager: Mounting plugin LauncherChunkInstaller
LogPluginManager: Mounting plugin AndroidDeviceProfileSelector
LogPluginManager: Mounting plugin AndroidMoviePlayer
LogPluginManager: Mounting plugin AndroidPermission
LogPluginManager: Mounting plugin AppleImageUtils
LogPluginManager: Mounting plugin AppleMoviePlayer
LogPluginManager: Mounting plugin ArchVisCharacter
LogPluginManager: Mounting plugin AudioCapture
LogPluginManager: Mounting plugin CableComponent
LogPluginManager: Mounting plugin CustomMeshComponent
LogPluginManager: Mounting plugin EditableMesh
LogPluginManager: Mounting plugin ExampleDeviceProfileSelector
LogPluginManager: Mounting plugin GoogleCloudMessaging
LogPluginManager: Mounting plugin IOSDeviceProfileSelector
LogPluginManager: Mounting plugin LinuxDeviceProfileSelector
LogPluginManager: Mounting plugin LocationServicesBPLibrary
LogPluginManager: Mounting plugin MobilePatchingUtils
LogPluginManager: Mounting plugin OculusVR
LogPluginManager: Mounting plugin PhysXVehicles
LogPluginManager: Mounting plugin ProceduralMeshComponent
LogPluginManager: Mounting plugin RuntimePhysXCooking
LogPluginManager: Mounting plugin SignificanceManager
LogPluginManager: Mounting plugin SteamVR
LogPluginManager: Mounting plugin WebMMoviePlayer
LogPluginManager: Mounting plugin WindowsMoviePlayer
LogPluginManager: Mounting plugin ScreenshotTools
LogInit: Using libcurl 7.55.1-DEV
LogInit:  - built for x86_64-pc-win32
LogInit:  - supports SSL with OpenSSL/1.1.1
LogInit:  - supports HTTP deflate (compression) using libz 1.2.8
LogInit:  - other features:
LogInit:      CURL_VERSION_SSL
LogInit:      CURL_VERSION_LIBZ
LogInit:      CURL_VERSION_IPV6
LogInit:      CURL_VERSION_ASYNCHDNS
LogInit:      CURL_VERSION_LARGEFILE
LogInit:      CURL_VERSION_IDN
LogInit:  CurlRequestOptions (configurable via config and command line):
LogInit:  - bVerifyPeer = true  - Libcurl will verify peer certificate
LogInit:  - bUseHttpProxy = false  - Libcurl will NOT use HTTP proxy
LogInit:  - bDontReuseConnections = false  - Libcurl will reuse connections
LogInit:  - MaxHostConnections = 16  - Libcurl will limit the number of connections to a host
LogInit:  - LocalHostAddr = Default
LogInit:  - BufferSize = 65536
LogOnline: OSS: Creating online subsystem instance for: NULL
LogInit: WinSock: version 1.1 (2.2), MaxSocks=32767, MaxUdp=65467
LogInit: Build: ++UE4+Release-4.23-CL-8386587
LogInit: Engine Version: 4.23.0-8386587+++UE4+Release-4.23
LogInit: Compatible Engine Version: 4.23.0-8386587+++UE4+Release-4.23
LogInit: Net CL: 8386587
LogInit: OS: Windows 10 (Release 1903) (), CPU: Intel(R) Core(TM) i7-6500U CPU @ 2.50GHz, GPU: Intel(R) HD Graphics 520
LogInit: Compiled (64-bit): Aug 31 2019 02:04:44
LogInit: Compiled with Visual C++: 19.16.27030.01
LogInit: Build Configuration: Development
LogInit: Branch Name: ++UE4+Release-4.23
LogInit: Command Line:  -EpicPortal -epicusername=thexeonocide -epicuserid=97d11ef8761b4a8cb705e894b9942492 -epiclocale=en-US
LogInit: Base Directory: C:/Program Files/Epic Games/UE_4.23/Engine/Binaries/Win64/
LogInit: Installed Engine Build: 1
LogDevObjectVersion: Number of dev versions registered: 23
LogDevObjectVersion:   Dev-Blueprints (B0D832E4-1F89-4F0D-ACCF-7EB736FD4AA2): 10
LogDevObjectVersion:   Dev-Build (E1C64328-A22C-4D53-A36C-8E866417BD8C): 0
LogDevObjectVersion:   Dev-Core (375EC13C-06E4-48FB-B500-84F0262A717E): 3
LogDevObjectVersion:   Dev-Editor (E4B068ED-F494-42E9-A231-DA0B2E46BB41): 34
LogDevObjectVersion:   Dev-Framework (CFFC743F-43B0-4480-9391-14DF171D2073): 35
LogDevObjectVersion:   Dev-Mobile (B02B49B5-BB20-44E9-A304-32B752E40360): 2
LogDevObjectVersion:   Dev-Networking (A4E4105C-59A1-49B5-A7C5-40C4547EDFEE): 0
LogDevObjectVersion:   Dev-Online (39C831C9-5AE6-47DC-9A44-9C173E1C8E7C): 0
LogDevObjectVersion:   Dev-Physics (78F01B33-EBEA-4F98-B9B4-84EACCB95AA2): 0
LogDevObjectVersion:   Dev-Platform (6631380F-2D4D-43E0-8009-CF276956A95A): 0
LogDevObjectVersion:   Dev-Rendering (12F88B9F-8875-4AFC-A67C-D90C383ABD29): 31
LogDevObjectVersion:   Dev-Sequencer (7B5AE74C-D270-4C10-A958-57980B212A5A): 11
LogDevObjectVersion:   Dev-VR (D7296918-1DD6-4BDD-9DE2-64A83CC13884): 2
LogDevObjectVersion:   Dev-LoadTimes (C2A15278-BFE7-4AFE-6C17-90FF531DF755): 1
LogDevObjectVersion:   Private-Geometry (6EACA3D4-40EC-4CC1-B786-8BED09428FC5): 3
LogDevObjectVersion:   Dev-AnimPhys (29E575DD-E0A3-4627-9D10-D276232CDCEA): 17
LogDevObjectVersion:   Dev-Anim (AF43A65D-7FD3-4947-9873-3E8ED9C1BB05): 2
LogDevObjectVersion:   Dev-ReflectionCapture (6B266CEC-1EC7-4B8F-A30B-E4D90942FC07): 1
LogDevObjectVersion:   Dev-Automation (0DF73D61-A23F-47EA-B727-89E90C41499A): 1
LogDevObjectVersion:   FortniteMain (601D1886-AC64-4F84-AA16-D3DE0DEAC7D6): 27
LogDevObjectVersion:   Dev-Enterprise (9DFFBCD6-494F-0158-E221-12823C92A888): 6
LogDevObjectVersion:   Dev-Niagara (F2AED0AC-9AFE-416F-8664-AA7FFA26D6FC): 1
LogDevObjectVersion:   Dev-Destruction (174F1F0B-B4C6-45A5-B13F-2EE8D0FB917D): 9
LogInit: Presizing for max 16777216 objects, including 0 objects not considered by GC, pre-allocating 0 bytes for permanent pool.
LogInit: Object subsystem initialized
LogConfig: Setting CVar [[con.DebugEarlyDefault:1]]
LogConfig: Setting CVar [[r.setres:1280x720]]
[2019.11.05-18.41.10:784][  0]LogConfig: Setting CVar [[r.VSync:0]]
[2019.11.05-18.41.10:784][  0]LogConfig: Setting CVar [[r.RHICmdBypass:0]]
[2019.11.05-18.41.10:784][  0]LogConfig: Applying CVar settings from Section [/Script/Engine.RendererSettings] File [C:/Users/Xeono/Documents/GitHub/SS/Saved/Config/Windows/Engine.ini]
[2019.11.05-18.41.10:784][  0]LogConfig: Setting CVar [[r.GPUCrashDebugging:0]]
[2019.11.05-18.41.10:784][  0]LogConfig: Setting CVar [[r.MobileHDR:0]]
[2019.11.05-18.41.10:784][  0]LogConfig: Setting CVar [[r.Mobile.DisableVertexFog:1]]
[2019.11.05-18.41.10:784][  0]LogConfig: Setting CVar [[r.Shadow.CSM.MaxMobileCascades:2]]
[2019.11.05-18.41.10:784][  0]LogConfig: Setting CVar [[r.MobileMSAA:1]]
[2019.11.05-18.41.10:784][  0]LogConfig: Setting CVar [[r.Mobile.UseLegacyShadingModel:0]]
[2019.11.05-18.41.10:784][  0]LogConfig: Setting CVar [[r.Mobile.UseHWsRGBEncoding:0]]
[2019.11.05-18.41.10:784][  0]LogConfig: Setting CVar [[r.Mobile.AllowDitheredLODTransition:0]]
[2019.11.05-18.41.10:784][  0]LogConfig: Setting CVar [[r.Mobile.AllowSoftwareOcclusion:0]]
[2019.11.05-18.41.10:784][  0]LogConfig: Setting CVar [[r.DiscardUnusedQuality:0]]
[2019.11.05-18.41.10:784][  0]LogConfig: Setting CVar [[r.AllowOcclusionQueries:1]]
[2019.11.05-18.41.10:784][  0]LogConfig: Setting CVar [[r.MinScreenRadiusForLights:0.030000]]
[2019.11.05-18.41.10:784][  0]LogConfig: Setting CVar [[r.MinScreenRadiusForDepthPrepass:0.030000]]
[2019.11.05-18.41.10:784][  0]LogConfig: Setting CVar [[r.MinScreenRadiusForCSMDepth:0.010000]]
[2019.11.05-18.41.10:784][  0]LogConfig: Setting CVar [[r.PrecomputedVisibilityWarning:0]]
[2019.11.05-18.41.10:784][  0]LogConfig: Setting CVar [[r.TextureStreaming:1]]
[2019.11.05-18.41.10:784][  0]LogConfig: Setting CVar [[Compat.UseDXT5NormalMaps:0]]
[2019.11.05-18.41.10:784][  0]LogConfig: Setting CVar [[r.VirtualTextures:0]]
[2019.11.05-18.41.10:784][  0]LogConfig: Setting CVar [[r.VirtualTexturedLightmaps:0]]
[2019.11.05-18.41.10:784][  0]LogConfig: Setting CVar [[r.VT.TileSize:128]]
[2019.11.05-18.41.10:784][  0]LogConfig: Setting CVar [[r.VT.TileBorderSize:4]]
[2019.11.05-18.41.10:784][  0]LogConfig: Setting CVar [[r.vt.FeedbackFactor:16]]
[2019.11.05-18.41.10:784][  0]LogConfig: Setting CVar [[r.VT.EnableCompressZlib:1]]
[2019.11.05-18.41.10:784][  0]LogConfig: Setting CVar [[r.VT.EnableCompressCrunch:0]]
[2019.11.05-18.41.10:784][  0]LogConfig: Setting CVar [[r.ClearCoatNormal:0]]
[2019.11.05-18.41.10:784][  0]LogConfig: Setting CVar [[r.ReflectionCaptureResolution:128]]
[2019.11.05-18.41.10:784][  0]LogConfig: Setting CVar [[r.ReflectionEnvironmentLightmapMixBasedOnRoughness:1]]
[2019.11.05-18.41.10:784][  0]LogConfig: Setting CVar [[r.ForwardShading:0]]
[2019.11.05-18.41.10:784][  0]LogConfig: Setting CVar [[r.VertexFoggingForOpaque:1]]
[2019.11.05-18.41.10:784][  0]LogConfig: Setting CVar [[r.AllowStaticLighting:1]]
[2019.11.05-18.41.10:784][  0]LogConfig: Setting CVar [[r.NormalMapsForStaticLighting:0]]
[2019.11.05-18.41.10:784][  0]LogConfig: Setting CVar [[r.GenerateMeshDistanceFields:0]]
[2019.11.05-18.41.10:784][  0]LogConfig: Setting CVar [[r.DistanceFieldBuild.EightBit:0]]
[2019.11.05-18.41.10:784][  0]LogConfig: Setting CVar [[r.GenerateLandscapeGIData:0]]
[2019.11.05-18.41.10:784][  0]LogConfig: Setting CVar [[r.DistanceFieldBuild.Compress:0]]
[2019.11.05-18.41.10:784][  0]LogConfig: Setting CVar [[r.TessellationAdaptivePixelsPerTriangle:48.000000]]
[2019.11.05-18.41.10:784][  0]LogConfig: Setting CVar [[r.SeparateTranslucency:0]]
[2019.11.05-18.41.10:784][  0]LogConfig: Setting CVar [[r.TranslucentSortPolicy:0]]
[2019.11.05-18.41.10:784][  0]LogConfig: Setting CVar [[r.CustomDepth:1]]
[2019.11.05-18.41.10:784][  0]LogConfig: Setting CVar [[r.CustomDepthTemporalAAJitter:1]]
[2019.11.05-18.41.10:784][  0]LogConfig: Setting CVar [[r.PostProcessing.PropagateAlpha:0]]
[2019.11.05-18.41.10:784][  0]LogConfig: Setting CVar [[r.DefaultFeature.Bloom:0]]
[2019.11.05-18.41.10:784][  0]LogConfig: Setting CVar [[r.DefaultFeature.AmbientOcclusion:0]]
[2019.11.05-18.41.10:784][  0]LogConfig: Setting CVar [[r.DefaultFeature.AmbientOcclusionStaticFraction:1]]
[2019.11.05-18.41.10:785][  0]LogConfig: Setting CVar [[r.DefaultFeature.AutoExposure:0]]
[2019.11.05-18.41.10:785][  0]LogConfig: Setting CVar [[r.DefaultFeature.AutoExposure.Method:0]]
[2019.11.05-18.41.10:785][  0]LogConfig: Setting CVar [[r.DefaultFeature.AutoExposure.ExtendDefaultLuminanceRange:0]]
[2019.11.05-18.41.10:785][  0]LogConfig: Setting CVar [[r.UsePreExposure:1]]
[2019.11.05-18.41.10:785][  0]LogConfig: Setting CVar [[r.EyeAdaptation.EditorOnly:1]]
[2019.11.05-18.41.10:785][  0]LogConfig: Setting CVar [[r.DefaultFeature.MotionBlur:0]]
[2019.11.05-18.41.10:785][  0]LogConfig: Setting CVar [[r.DefaultFeature.LensFlare:0]]
[2019.11.05-18.41.10:785][  0]LogConfig: Setting CVar [[r.TemporalAA.Upsampling:0]]
[2019.11.05-18.41.10:785][  0]LogConfig: Setting CVar [[r.DefaultFeature.AntiAliasing:0]]
[2019.11.05-18.41.10:785][  0]LogConfig: Setting CVar [[r.DefaultFeature.LightUnits:1]]
[2019.11.05-18.41.10:785][  0]LogConfig: Setting CVar [[r.DefaultBackBufferPixelFormat:4]]
[2019.11.05-18.41.10:785][  0]LogConfig: Setting CVar [[r.Shadow.UnbuiltPreviewInGame:1]]
[2019.11.05-18.41.10:785][  0]LogConfig: Setting CVar [[r.StencilForLODDither:0]]
[2019.11.05-18.41.10:785][  0]LogConfig: Setting CVar [[r.EarlyZPass:3]]
[2019.11.05-18.41.10:785][  0]LogConfig: Setting CVar [[r.EarlyZPassOnlyMaterialMasking:0]]
[2019.11.05-18.41.10:785][  0]LogConfig: Setting CVar [[r.DBuffer:1]]
[2019.11.05-18.41.10:785][  0]LogConfig: Setting CVar [[r.ClearSceneMethod:1]]
[2019.11.05-18.41.10:785][  0]LogConfig: Setting CVar [[r.BasePassOutputsVelocity:0]]
[2019.11.05-18.41.10:785][  0]LogConfig: Setting CVar [[r.SelectiveBasePassOutputs:0]]
[2019.11.05-18.41.10:785][  0]LogConfig: Setting CVar [[fx.GPUSimulationTextureSizeX:1024]]
[2019.11.05-18.41.10:785][  0]LogConfig: Setting CVar [[fx.GPUSimulationTextureSizeY:1024]]
[2019.11.05-18.41.10:785][  0]LogConfig: Setting CVar [[r.AllowGlobalClipPlane:0]]
[2019.11.05-18.41.10:785][  0]LogConfig: Setting CVar [[r.GBufferFormat:1]]
[2019.11.05-18.41.10:785][  0]LogConfig: Setting CVar [[r.MorphTarget.Mode:1]]
[2019.11.05-18.41.10:785][  0]LogConfig: Setting CVar [[vr.InstancedStereo:0]]
[2019.11.05-18.41.10:785][  0]LogConfig: Setting CVar [[vr.MultiView:0]]
[2019.11.05-18.41.10:785][  0]LogConfig: Setting CVar [[vr.MobileMultiView:0]]
[2019.11.05-18.41.10:785][  0]LogConfig: Setting CVar [[vr.MobileMultiView.Direct:0]]
[2019.11.05-18.41.10:785][  0]LogConfig: Setting CVar [[vr.RoundRobinOcclusion:0]]
[2019.11.05-18.41.10:785][  0]LogConfig: Setting CVar [[vr.ODSCapture:0]]
[2019.11.05-18.41.10:785][  0]LogConfig: Setting CVar [[r.WireframeCullThreshold:5.000000]]
[2019.11.05-18.41.10:785][  0]LogConfig: Setting CVar [[r.RayTracing:0]]
[2019.11.05-18.41.10:785][  0]LogConfig: Setting CVar [[r.SupportStationarySkylight:1]]
[2019.11.05-18.41.10:785][  0]LogConfig: Setting CVar [[r.SupportLowQualityLightmaps:1]]
[2019.11.05-18.41.10:785][  0]LogConfig: Setting CVar [[r.SupportPointLightWholeSceneShadows:1]]
[2019.11.05-18.41.10:785][  0]LogConfig: Setting CVar [[r.SupportAtmosphericFog:1]]
[2019.11.05-18.41.10:785][  0]LogConfig: Setting CVar [[r.SkinCache.CompileShaders:0]]
[2019.11.05-18.41.10:785][  0]LogConfig: Setting CVar [[r.Mobile.EnableStaticAndCSMShadowReceivers:1]]
[2019.11.05-18.41.10:785][  0]LogConfig: Setting CVar [[r.Mobile.EnableMovableLightCSMShaderCulling:1]]
[2019.11.05-18.41.10:785][  0]LogConfig: Setting CVar [[r.Mobile.AllowDistanceFieldShadows:1]]
[2019.11.05-18.41.10:785][  0]LogConfig: Setting CVar [[r.Mobile.AllowMovableDirectionalLights:1]]
[2019.11.05-18.41.10:785][  0]LogConfig: Setting CVar [[r.MobileNumDynamicPointLights:4]]
[2019.11.05-18.41.10:785][  0]LogConfig: Setting CVar [[r.MobileDynamicPointLightsUseStaticBranch:1]]
[2019.11.05-18.41.10:785][  0]LogConfig: Setting CVar [[r.Mobile.EnableMovableSpotlights:0]]
[2019.11.05-18.41.10:785][  0]LogConfig: Setting CVar [[r.SkinCache.SceneMemoryLimitInMB:128.000000]]
[2019.11.05-18.41.10:785][  0]LogConfig: Setting CVar [[r.GPUSkin.Limit2BoneInfluences:0]]
[2019.11.05-18.41.10:785][  0]LogConfig: Setting CVar [[r.SupportDepthOnlyIndexBuffers:1]]
[2019.11.05-18.41.10:785][  0]LogConfig: Setting CVar [[r.SupportReversedIndexBuffers:1]]
[2019.11.05-18.41.10:785][  0]LogConfig: Setting CVar [[r.SupportMaterialLayers:0]]
[2019.11.05-18.41.10:785][  0]LogConfig: Applying CVar settings from Section [/Script/Engine.RendererOverrideSettings] File [C:/Users/Xeono/Documents/GitHub/SS/Saved/Config/Windows/Engine.ini]
[2019.11.05-18.41.10:785][  0]LogConfig: Applying CVar settings from Section [/Script/Engine.StreamingSettings] File [C:/Users/Xeono/Documents/GitHub/SS/Saved/Config/Windows/Engine.ini]
[2019.11.05-18.41.10:785][  0]LogConfig: Setting CVar [[s.MinBulkDataSizeForAsyncLoading:131072]]
[2019.11.05-18.41.10:786][  0]LogConfig: Setting CVar [[s.AsyncLoadingThreadEnabled:0]]
[2019.11.05-18.41.10:786][  0]LogConfig: Setting CVar [[s.EventDrivenLoaderEnabled:1]]
[2019.11.05-18.41.10:786][  0]LogConfig: Setting CVar [[s.WarnIfTimeLimitExceeded:0]]
[2019.11.05-18.41.10:786][  0]LogConfig: Setting CVar [[s.TimeLimitExceededMultiplier:1.5]]
[2019.11.05-18.41.10:786][  0]LogConfig: Setting CVar [[s.TimeLimitExceededMinTime:0.005]]
[2019.11.05-18.41.10:786][  0]LogConfig: Setting CVar [[s.UseBackgroundLevelStreaming:1]]
[2019.11.05-18.41.10:786][  0]LogConfig: Setting CVar [[s.PriorityAsyncLoadingExtraTime:15.0]]
[2019.11.05-18.41.10:786][  0]LogConfig: Setting CVar [[s.LevelStreamingActorsUpdateTimeLimit:5.0]]
[2019.11.05-18.41.10:786][  0]LogConfig: Setting CVar [[s.PriorityLevelStreamingActorsUpdateExtraTime:5.0]]
[2019.11.05-18.41.10:786][  0]LogConfig: Setting CVar [[s.LevelStreamingComponentsRegistrationGranularity:10]]
[2019.11.05-18.41.10:786][  0]LogConfig: Setting CVar [[s.UnregisterComponentsTimeLimit:1.0]]
[2019.11.05-18.41.10:786][  0]LogConfig: Setting CVar [[s.LevelStreamingComponentsUnregistrationGranularity:5]]
[2019.11.05-18.41.10:786][  0]LogConfig: Applying CVar settings from Section [/Script/Engine.GarbageCollectionSettings] File [C:/Users/Xeono/Documents/GitHub/SS/Saved/Config/Windows/Engine.ini]
[2019.11.05-18.41.10:786][  0]LogConfig: Setting CVar [[gc.MaxObjectsNotConsideredByGC:1]]
[2019.11.05-18.41.10:786][  0]LogConfig: Setting CVar [[gc.SizeOfPermanentObjectPool:0]]
[2019.11.05-18.41.10:786][  0]LogConfig: Setting CVar [[gc.FlushStreamingOnGC:0]]
[2019.11.05-18.41.10:786][  0]LogConfig: Setting CVar [[gc.NumRetriesBeforeForcingGC:10]]
[2019.11.05-18.41.10:786][  0]LogConfig: Setting CVar [[gc.AllowParallelGC:1]]
[2019.11.05-18.41.10:786][  0]LogConfig: Setting CVar [[gc.TimeBetweenPurgingPendingKillObjects:61.1]]
[2019.11.05-18.41.10:786][  0]LogConfig: Setting CVar [[gc.MaxObjectsInEditor:16777216]]
[2019.11.05-18.41.10:786][  0]LogConfig: Setting CVar [[gc.IncrementalBeginDestroyEnabled:1]]
[2019.11.05-18.41.10:786][  0]LogConfig: Setting CVar [[gc.CreateGCClusters:1]]
[2019.11.05-18.41.10:786][  0]LogConfig: Setting CVar [[gc.MinGCClusterSize:5]]
[2019.11.05-18.41.10:786][  0]LogConfig: Setting CVar [[gc.ActorClusteringEnabled:0]]
[2019.11.05-18.41.10:786][  0]LogConfig: Setting CVar [[gc.BlueprintClusteringEnabled:0]]
[2019.11.05-18.41.10:786][  0]LogConfig: Setting CVar [[gc.UseDisregardForGCOnDedicatedServers:0]]
[2019.11.05-18.41.10:786][  0]LogConfig: Applying CVar settings from Section [/Script/Engine.NetworkSettings] File [C:/Users/Xeono/Documents/GitHub/SS/Saved/Config/Windows/Engine.ini]
[2019.11.05-18.41.10:786][  0]LogConfig: Applying CVar settings from Section [/Script/UnrealEd.CookerSettings] File [C:/Users/Xeono/Documents/GitHub/SS/Saved/Config/Windows/Engine.ini]
[2019.11.05-18.41.10:789][  0]LogConfig: Applying CVar settings from Section [ViewDistanceQuality@3] File [C:/Users/Xeono/Documents/GitHub/SS/Saved/Config/Windows/Scalability.ini]
[2019.11.05-18.41.10:789][  0]LogConfig: Setting CVar [[r.SkeletalMeshLODBias:0]]
[2019.11.05-18.41.10:789][  0]LogConfig: Setting CVar [[r.ViewDistanceScale:1.0]]
[2019.11.05-18.41.10:789][  0]LogConfig: Applying CVar settings from Section [AntiAliasingQuality@3] File [C:/Users/Xeono/Documents/GitHub/SS/Saved/Config/Windows/Scalability.ini]
[2019.11.05-18.41.10:789][  0]LogConfig: Setting CVar [[r.PostProcessAAQuality:4]]
[2019.11.05-18.41.10:789][  0]LogConfig: Applying CVar settings from Section [ShadowQuality@3] File [C:/Users/Xeono/Documents/GitHub/SS/Saved/Config/Windows/Scalability.ini]
[2019.11.05-18.41.10:789][  0]LogConfig: Setting CVar [[r.LightFunctionQuality:1]]
[2019.11.05-18.41.10:789][  0]LogConfig: Setting CVar [[r.ShadowQuality:5]]
[2019.11.05-18.41.10:789][  0]LogConfig: Setting CVar [[r.Shadow.CSM.MaxCascades:10]]
[2019.11.05-18.41.10:789][  0]LogConfig: Setting CVar [[r.Shadow.MaxResolution:2048]]
[2019.11.05-18.41.10:789][  0]LogConfig: Setting CVar [[r.Shadow.MaxCSMResolution:2048]]
[2019.11.05-18.41.10:789][  0]LogConfig: Setting CVar [[r.Shadow.RadiusThreshold:0.01]]
[2019.11.05-18.41.10:789][  0]LogConfig: Setting CVar [[r.Shadow.DistanceScale:1.0]]
[2019.11.05-18.41.10:789][  0]LogConfig: Setting CVar [[r.Shadow.CSM.TransitionScale:1.0]]
[2019.11.05-18.41.10:789][  0]LogConfig: Setting CVar [[r.Shadow.PreShadowResolutionFactor:1.0]]
[2019.11.05-18.41.10:789][  0]LogConfig: Setting CVar [[r.DistanceFieldShadowing:1]]
[2019.11.05-18.41.10:789][  0]LogConfig: Setting CVar [[r.DistanceFieldAO:1]]
[2019.11.05-18.41.10:789][  0]LogConfig: Setting CVar [[r.AOQuality:2]]
[2019.11.05-18.41.10:789][  0]LogConfig: Setting CVar [[r.VolumetricFog:1]]
[2019.11.05-18.41.10:789][  0]LogConfig: Setting CVar [[r.VolumetricFog.GridPixelSize:8]]
[2019.11.05-18.41.10:789][  0]LogConfig: Setting CVar [[r.VolumetricFog.GridSizeZ:128]]
[2019.11.05-18.41.10:789][  0]LogConfig: Setting CVar [[r.VolumetricFog.HistoryMissSupersampleCount:4]]
[2019.11.05-18.41.10:789][  0]LogConfig: Setting CVar [[r.LightMaxDrawDistanceScale:1]]
[2019.11.05-18.41.10:789][  0]LogConfig: Setting CVar [[r.CapsuleShadows:1]]
[2019.11.05-18.41.10:789][  0]LogConfig: Applying CVar settings from Section [PostProcessQuality@3] File [C:/Users/Xeono/Documents/GitHub/SS/Saved/Config/Windows/Scalability.ini]
[2019.11.05-18.41.10:789][  0]LogConfig: Setting CVar [[r.MotionBlurQuality:4]]
[2019.11.05-18.41.10:789][  0]LogConfig: Setting CVar [[r.AmbientOcclusionMipLevelFactor:0.4]]
[2019.11.05-18.41.10:789][  0]LogConfig: Setting CVar [[r.AmbientOcclusionMaxQuality:100]]
[2019.11.05-18.41.10:789][  0]LogConfig: Setting CVar [[r.AmbientOcclusionLevels:-1]]
[2019.11.05-18.41.10:789][  0]LogConfig: Setting CVar [[r.AmbientOcclusionRadiusScale:1.0]]
[2019.11.05-18.41.10:789][  0]LogConfig: Setting CVar [[r.DepthOfFieldQuality:2]]
[2019.11.05-18.41.10:789][  0]LogConfig: Setting CVar [[r.RenderTargetPoolMin:400]]
[2019.11.05-18.41.10:789][  0]LogConfig: Setting CVar [[r.LensFlareQuality:2]]
[2019.11.05-18.41.10:789][  0]LogConfig: Setting CVar [[r.SceneColorFringeQuality:1]]
[2019.11.05-18.41.10:789][  0]LogConfig: Setting CVar [[r.EyeAdaptationQuality:2]]
[2019.11.05-18.41.10:789][  0]LogConfig: Setting CVar [[r.BloomQuality:5]]
[2019.11.05-18.41.10:789][  0]LogConfig: Setting CVar [[r.FastBlurThreshold:100]]
[2019.11.05-18.41.10:789][  0]LogConfig: Setting CVar [[r.Upscale.Quality:3]]
[2019.11.05-18.41.10:789][  0]LogConfig: Setting CVar [[r.Tonemapper.GrainQuantization:1]]
[2019.11.05-18.41.10:789][  0]LogConfig: Setting CVar [[r.LightShaftQuality:1]]
[2019.11.05-18.41.10:789][  0]LogConfig: Setting CVar [[r.Filter.SizeScale:1]]
[2019.11.05-18.41.10:790][  0]LogConfig: Setting CVar [[r.Tonemapper.Quality:5]]
[2019.11.05-18.41.10:790][  0]LogConfig: Setting CVar [[r.DOF.Gather.AccumulatorQuality:1        ; higher gathering accumulator quality]]
[2019.11.05-18.41.10:790][  0]LogConfig: Setting CVar [[r.DOF.Gather.PostfilterMethod:1          ; Median3x3 postfilering method]]
[2019.11.05-18.41.10:790][  0]LogConfig: Setting CVar [[r.DOF.Gather.EnableBokehSettings:0       ; no bokeh simulation when gathering]]
[2019.11.05-18.41.10:790][  0]LogConfig: Setting CVar [[r.DOF.Gather.RingCount:4                 ; medium number of samples when gathering]]
[2019.11.05-18.41.10:790][  0]LogConfig: Setting CVar [[r.DOF.Scatter.ForegroundCompositing:1    ; additive foreground scattering]]
[2019.11.05-18.41.10:790][  0]LogConfig: Setting CVar [[r.DOF.Scatter.BackgroundCompositing:2    ; additive background scattering]]
[2019.11.05-18.41.10:790][  0]LogConfig: Setting CVar [[r.DOF.Scatter.EnableBokehSettings:1      ; bokeh simulation when scattering]]
[2019.11.05-18.41.10:790][  0]LogConfig: Setting CVar [[r.DOF.Scatter.MaxSpriteRatio:0.1         ; only a maximum of 10% of scattered bokeh]]
[2019.11.05-18.41.10:790][  0]LogConfig: Setting CVar [[r.DOF.Recombine.Quality:1                ; cheap slight out of focus]]
[2019.11.05-18.41.10:790][  0]LogConfig: Setting CVar [[r.DOF.Recombine.EnableBokehSettings:0    ; no bokeh simulation on slight out of focus]]
[2019.11.05-18.41.10:790][  0]LogConfig: Setting CVar [[r.DOF.TemporalAAQuality:1                ; more stable temporal accumulation]]
[2019.11.05-18.41.10:790][  0]LogConfig: Setting CVar [[r.DOF.Kernel.MaxForegroundRadius:0.025]]
[2019.11.05-18.41.10:790][  0]LogConfig: Setting CVar [[r.DOF.Kernel.MaxBackgroundRadius:0.025]]
[2019.11.05-18.41.10:790][  0]LogConfig: Applying CVar settings from Section [TextureQuality@3] File [C:/Users/Xeono/Documents/GitHub/SS/Saved/Config/Windows/Scalability.ini]
[2019.11.05-18.41.10:790][  0]LogConfig: Setting CVar [[r.Streaming.MipBias:0]]
[2019.11.05-18.41.10:790][  0]LogConfig: Setting CVar [[r.Streaming.AmortizeCPUToGPUCopy:0]]
[2019.11.05-18.41.10:790][  0]LogConfig: Setting CVar [[r.Streaming.MaxNumTexturesToStreamPerFrame:0]]
[2019.11.05-18.41.10:790][  0]LogConfig: Setting CVar [[r.Streaming.Boost:1]]
[2019.11.05-18.41.10:790][  0]LogConfig: Setting CVar [[r.MaxAnisotropy:8]]
[2019.11.05-18.41.10:790][  0]LogConfig: Setting CVar [[r.Streaming.LimitPoolSizeToVRAM:0]]
[2019.11.05-18.41.10:790][  0]LogConfig: Setting CVar [[r.Streaming.PoolSize:1000]]
[2019.11.05-18.41.10:790][  0]LogConfig: Setting CVar [[r.Streaming.MaxEffectiveScreenSize:0]]
[2019.11.05-18.41.10:790][  0]LogConfig: Applying CVar settings from Section [EffectsQuality@3] File [C:/Users/Xeono/Documents/GitHub/SS/Saved/Config/Windows/Scalability.ini]
[2019.11.05-18.41.10:790][  0]LogConfig: Setting CVar [[r.TranslucencyLightingVolumeDim:64]]
[2019.11.05-18.41.10:790][  0]LogConfig: Setting CVar [[r.RefractionQuality:2]]
[2019.11.05-18.41.10:790][  0]LogConfig: Setting CVar [[r.SSR.Quality:3]]
[2019.11.05-18.41.10:790][  0]LogConfig: Setting CVar [[r.SceneColorFormat:4]]
[2019.11.05-18.41.10:790][  0]LogConfig: Setting CVar [[r.DetailMode:2]]
[2019.11.05-18.41.10:790][  0]LogConfig: Setting CVar [[r.TranslucencyVolumeBlur:1]]
[2019.11.05-18.41.10:790][  0]LogConfig: Setting CVar [[r.MaterialQualityLevel:1 ; High quality]]
[2019.11.05-18.41.10:790][  0]LogConfig: Setting CVar [[r.SSS.Scale:1]]
[2019.11.05-18.41.10:790][  0]LogConfig: Setting CVar [[r.SSS.SampleSet:2]]
[2019.11.05-18.41.10:790][  0]LogConfig: Setting CVar [[r.SSS.Quality:1]]
[2019.11.05-18.41.10:790][  0]LogConfig: Setting CVar [[r.SSS.HalfRes:1]]
[2019.11.05-18.41.10:790][  0]LogConfig: Setting CVar [[r.EmitterSpawnRateScale:1.0]]
[2019.11.05-18.41.10:790][  0]LogConfig: Setting CVar [[r.ParticleLightQuality:2]]
[2019.11.05-18.41.10:790][  0]LogConfig: Applying CVar settings from Section [FoliageQuality@3] File [C:/Users/Xeono/Documents/GitHub/SS/Saved/Config/Windows/Scalability.ini]
[2019.11.05-18.41.10:790][  0]LogConfig: Setting CVar [[foliage.DensityScale:1.0]]
[2019.11.05-18.41.10:790][  0]LogConfig: Setting CVar [[grass.DensityScale:1.0]]
[2019.11.05-18.41.10:790][  0]LogInit: Selected Device Profile: [Windows]
[2019.11.05-18.41.10:790][  0]LogInit: Applying CVar settings loaded from the selected device profile: [Windows]
[2019.11.05-18.41.10:801][  0]LogHAL: Display: Platform has ~ 12 GB [12715917312 / 17179869184 / 12], which maps to Larger [LargestMinGB=32, LargerMinGB=12, DefaultMinGB=8, SmallerMinGB=6, SmallestMinGB=0)
[2019.11.05-18.41.10:801][  0]LogInit: Going up to parent DeviceProfile []
[2019.11.05-18.41.10:801][  0]LogConfig: Applying CVar settings from Section [ViewDistanceQuality@3] File [C:/Users/Xeono/Documents/GitHub/SS/Saved/Config/Windows/Scalability.ini]
[2019.11.05-18.41.10:801][  0]LogConfig: Setting CVar [[r.SkeletalMeshLODBias:0]]
[2019.11.05-18.41.10:801][  0]LogConfig: Setting CVar [[r.ViewDistanceScale:1.0]]
[2019.11.05-18.41.10:801][  0]LogConfig: Applying CVar settings from Section [AntiAliasingQuality@3] File [C:/Users/Xeono/Documents/GitHub/SS/Saved/Config/Windows/Scalability.ini]
[2019.11.05-18.41.10:801][  0]LogConfig: Setting CVar [[r.PostProcessAAQuality:4]]
[2019.11.05-18.41.10:801][  0]LogConfig: Applying CVar settings from Section [ShadowQuality@3] File [C:/Users/Xeono/Documents/GitHub/SS/Saved/Config/Windows/Scalability.ini]
[2019.11.05-18.41.10:801][  0]LogConfig: Setting CVar [[r.LightFunctionQuality:1]]
[2019.11.05-18.41.10:801][  0]LogConfig: Setting CVar [[r.ShadowQuality:5]]
[2019.11.05-18.41.10:801][  0]LogConfig: Setting CVar [[r.Shadow.CSM.MaxCascades:10]]
[2019.11.05-18.41.10:801][  0]LogConfig: Setting CVar [[r.Shadow.MaxResolution:2048]]
[2019.11.05-18.41.10:801][  0]LogConfig: Setting CVar [[r.Shadow.MaxCSMResolution:2048]]
[2019.11.05-18.41.10:801][  0]LogConfig: Setting CVar [[r.Shadow.RadiusThreshold:0.01]]
[2019.11.05-18.41.10:801][  0]LogConfig: Setting CVar [[r.Shadow.DistanceScale:1.0]]
[2019.11.05-18.41.10:801][  0]LogConfig: Setting CVar [[r.Shadow.CSM.TransitionScale:1.0]]
[2019.11.05-18.41.10:801][  0]LogConfig: Setting CVar [[r.Shadow.PreShadowResolutionFactor:1.0]]
[2019.11.05-18.41.10:801][  0]LogConfig: Setting CVar [[r.DistanceFieldShadowing:1]]
[2019.11.05-18.41.10:801][  0]LogConfig: Setting CVar [[r.DistanceFieldAO:1]]
[2019.11.05-18.41.10:801][  0]LogConfig: Setting CVar [[r.AOQuality:2]]
[2019.11.05-18.41.10:801][  0]LogConfig: Setting CVar [[r.VolumetricFog:1]]
[2019.11.05-18.41.10:801][  0]LogConfig: Setting CVar [[r.VolumetricFog.GridPixelSize:8]]
[2019.11.05-18.41.10:802][  0]LogConfig: Setting CVar [[r.VolumetricFog.GridSizeZ:128]]
[2019.11.05-18.41.10:802][  0]LogConfig: Setting CVar [[r.VolumetricFog.HistoryMissSupersampleCount:4]]
[2019.11.05-18.41.10:802][  0]LogConfig: Setting CVar [[r.LightMaxDrawDistanceScale:1]]
[2019.11.05-18.41.10:802][  0]LogConfig: Setting CVar [[r.CapsuleShadows:1]]
[2019.11.05-18.41.10:802][  0]LogConfig: Applying CVar settings from Section [PostProcessQuality@3] File [C:/Users/Xeono/Documents/GitHub/SS/Saved/Config/Windows/Scalability.ini]
[2019.11.05-18.41.10:802][  0]LogConfig: Setting CVar [[r.MotionBlurQuality:4]]
[2019.11.05-18.41.10:802][  0]LogConfig: Setting CVar [[r.AmbientOcclusionMipLevelFactor:0.4]]
[2019.11.05-18.41.10:802][  0]LogConfig: Setting CVar [[r.AmbientOcclusionMaxQuality:100]]
[2019.11.05-18.41.10:802][  0]LogConfig: Setting CVar [[r.AmbientOcclusionLevels:-1]]
[2019.11.05-18.41.10:802][  0]LogConfig: Setting CVar [[r.AmbientOcclusionRadiusScale:1.0]]
[2019.11.05-18.41.10:802][  0]LogConfig: Setting CVar [[r.DepthOfFieldQuality:2]]
[2019.11.05-18.41.10:802][  0]LogConfig: Setting CVar [[r.RenderTargetPoolMin:400]]
[2019.11.05-18.41.10:802][  0]LogConfig: Setting CVar [[r.LensFlareQuality:2]]
[2019.11.05-18.41.10:802][  0]LogConfig: Setting CVar [[r.SceneColorFringeQuality:1]]
[2019.11.05-18.41.10:802][  0]LogConfig: Setting CVar [[r.EyeAdaptationQuality:2]]
[2019.11.05-18.41.10:802][  0]LogConfig: Setting CVar [[r.BloomQuality:5]]
[2019.11.05-18.41.10:802][  0]LogConfig: Setting CVar [[r.FastBlurThreshold:100]]
[2019.11.05-18.41.10:802][  0]LogConfig: Setting CVar [[r.Upscale.Quality:3]]
[2019.11.05-18.41.10:802][  0]LogConfig: Setting CVar [[r.Tonemapper.GrainQuantization:1]]
[2019.11.05-18.41.10:802][  0]LogConfig: Setting CVar [[r.LightShaftQuality:1]]
[2019.11.05-18.41.10:802][  0]LogConfig: Setting CVar [[r.Filter.SizeScale:1]]
[2019.11.05-18.41.10:802][  0]LogConfig: Setting CVar [[r.Tonemapper.Quality:5]]
[2019.11.05-18.41.10:802][  0]LogConfig: Setting CVar [[r.DOF.Gather.AccumulatorQuality:1        ; higher gathering accumulator quality]]
[2019.11.05-18.41.10:802][  0]LogConfig: Setting CVar [[r.DOF.Gather.PostfilterMethod:1          ; Median3x3 postfilering method]]
[2019.11.05-18.41.10:802][  0]LogConfig: Setting CVar [[r.DOF.Gather.EnableBokehSettings:0       ; no bokeh simulation when gathering]]
[2019.11.05-18.41.10:802][  0]LogConfig: Setting CVar [[r.DOF.Gather.RingCount:4                 ; medium number of samples when gathering]]
[2019.11.05-18.41.10:802][  0]LogConfig: Setting CVar [[r.DOF.Scatter.ForegroundCompositing:1    ; additive foreground scattering]]
[2019.11.05-18.41.10:802][  0]LogConfig: Setting CVar [[r.DOF.Scatter.BackgroundCompositing:2    ; additive background scattering]]
[2019.11.05-18.41.10:802][  0]LogConfig: Setting CVar [[r.DOF.Scatter.EnableBokehSettings:1      ; bokeh simulation when scattering]]
[2019.11.05-18.41.10:802][  0]LogConfig: Setting CVar [[r.DOF.Scatter.MaxSpriteRatio:0.1         ; only a maximum of 10% of scattered bokeh]]
[2019.11.05-18.41.10:802][  0]LogConfig: Setting CVar [[r.DOF.Recombine.Quality:1                ; cheap slight out of focus]]
[2019.11.05-18.41.10:802][  0]LogConfig: Setting CVar [[r.DOF.Recombine.EnableBokehSettings:0    ; no bokeh simulation on slight out of focus]]
[2019.11.05-18.41.10:802][  0]LogConfig: Setting CVar [[r.DOF.TemporalAAQuality:1                ; more stable temporal accumulation]]
[2019.11.05-18.41.10:802][  0]LogConfig: Setting CVar [[r.DOF.Kernel.MaxForegroundRadius:0.025]]
[2019.11.05-18.41.10:802][  0]LogConfig: Setting CVar [[r.DOF.Kernel.MaxBackgroundRadius:0.025]]
[2019.11.05-18.41.10:802][  0]LogConfig: Applying CVar settings from Section [TextureQuality@3] File [C:/Users/Xeono/Documents/GitHub/SS/Saved/Config/Windows/Scalability.ini]
[2019.11.05-18.41.10:802][  0]LogConfig: Setting CVar [[r.Streaming.MipBias:0]]
[2019.11.05-18.41.10:802][  0]LogConfig: Setting CVar [[r.Streaming.AmortizeCPUToGPUCopy:0]]
[2019.11.05-18.41.10:802][  0]LogConfig: Setting CVar [[r.Streaming.MaxNumTexturesToStreamPerFrame:0]]
[2019.11.05-18.41.10:802][  0]LogConfig: Setting CVar [[r.Streaming.Boost:1]]
[2019.11.05-18.41.10:802][  0]LogConfig: Setting CVar [[r.MaxAnisotropy:8]]
[2019.11.05-18.41.10:802][  0]LogConfig: Setting CVar [[r.Streaming.LimitPoolSizeToVRAM:0]]
[2019.11.05-18.41.10:802][  0]LogConfig: Setting CVar [[r.Streaming.PoolSize:1000]]
[2019.11.05-18.41.10:802][  0]LogConfig: Setting CVar [[r.Streaming.MaxEffectiveScreenSize:0]]
[2019.11.05-18.41.10:802][  0]LogConfig: Applying CVar settings from Section [EffectsQuality@3] File [C:/Users/Xeono/Documents/GitHub/SS/Saved/Config/Windows/Scalability.ini]
[2019.11.05-18.41.10:802][  0]LogConfig: Setting CVar [[r.TranslucencyLightingVolumeDim:64]]
[2019.11.05-18.41.10:802][  0]LogConfig: Setting CVar [[r.RefractionQuality:2]]
[2019.11.05-18.41.10:802][  0]LogConfig: Setting CVar [[r.SSR.Quality:3]]
[2019.11.05-18.41.10:802][  0]LogConfig: Setting CVar [[r.SceneColorFormat:4]]
[2019.11.05-18.41.10:802][  0]LogConfig: Setting CVar [[r.DetailMode:2]]
[2019.11.05-18.41.10:802][  0]LogConfig: Setting CVar [[r.TranslucencyVolumeBlur:1]]
[2019.11.05-18.41.10:802][  0]LogConfig: Setting CVar [[r.MaterialQualityLevel:1 ; High quality]]
[2019.11.05-18.41.10:802][  0]LogConfig: Setting CVar [[r.SSS.Scale:1]]
[2019.11.05-18.41.10:802][  0]LogConfig: Setting CVar [[r.SSS.SampleSet:2]]
[2019.11.05-18.41.10:802][  0]LogConfig: Setting CVar [[r.SSS.Quality:1]]
[2019.11.05-18.41.10:802][  0]LogConfig: Setting CVar [[r.SSS.HalfRes:1]]
[2019.11.05-18.41.10:802][  0]LogConfig: Setting CVar [[r.EmitterSpawnRateScale:1.0]]
[2019.11.05-18.41.10:802][  0]LogConfig: Setting CVar [[r.ParticleLightQuality:2]]
[2019.11.05-18.41.10:802][  0]LogConfig: Applying CVar settings from Section [FoliageQuality@3] File [C:/Users/Xeono/Documents/GitHub/SS/Saved/Config/Windows/Scalability.ini]
[2019.11.05-18.41.10:802][  0]LogConfig: Setting CVar [[foliage.DensityScale:1.0]]
[2019.11.05-18.41.10:803][  0]LogConfig: Setting CVar [[grass.DensityScale:1.0]]
[2019.11.05-18.41.10:803][  0]LogConfig: Applying CVar settings from Section [Startup] File [../../../Engine/Config/ConsoleVariables.ini]
[2019.11.05-18.41.10:808][  0]LogConfig: Setting CVar [[net.UseAdaptiveNetUpdateFrequency:0]]
[2019.11.05-18.41.10:808][  0]LogConfig: Setting CVar [[p.chaos.AllowCreatePhysxBodies:1]]
[2019.11.05-18.41.10:808][  0]LogConfig: Applying CVar settings from Section [ConsoleVariables] File [C:/Users/Xeono/Documents/GitHub/SS/Saved/Config/Windows/Engine.ini]
[2019.11.05-18.41.10:808][  0]LogInit: Computer: DESKTOP-AV7L94J
[2019.11.05-18.41.10:809][  0]LogInit: User: Xeono
[2019.11.05-18.41.10:809][  0]LogInit: CPU Page size=4096, Cores=2
[2019.11.05-18.41.10:809][  0]LogInit: High frequency timer resolution =10.000000 MHz
[2019.11.05-18.41.10:809][  0]LogMemory: Memory total: Physical=11.8GB (12GB approx)
[2019.11.05-18.41.10:809][  0]LogMemory: Platform Memory Stats for Windows
[2019.11.05-18.41.10:809][  0]LogMemory: Process Physical Memory: 104.38 MB used, 104.39 MB peak
[2019.11.05-18.41.10:809][  0]LogMemory: Process Virtual Memory: 100.07 MB used, 100.07 MB peak
[2019.11.05-18.41.10:809][  0]LogMemory: Physical Memory: 5502.53 MB used,  6624.32 MB free, 12126.84 MB total
[2019.11.05-18.41.10:809][  0]LogMemory: Virtual Memory: 4651.99 MB used,  134213072.00 MB free, 134217728.00 MB total
[2019.11.05-18.41.10:826][  0]LogWindows: WindowsPlatformFeatures enabled
[2019.11.05-18.41.10:973][  0]LogInit: Using OS detected language (en-US).
[2019.11.05-18.41.10:973][  0]LogInit: Using OS detected locale (en-US).
[2019.11.05-18.41.10:974][  0]LogTextLocalizationManager: No specific localization for 'en-US' exists, so the 'en' localization will be used.
[2019.11.05-18.41.11:260][  0]LogInit: Setting process to per monitor DPI aware
[2019.11.05-18.41.11:352][  0]LogSlate: New Slate User Created.  User Index 0, Is Virtual User: 0
[2019.11.05-18.41.11:352][  0]LogSlate: Slate User Registered.  User Index 0, Is Virtual User: 0
[2019.11.05-18.41.14:153][  0]LogHMD: Failed to initialize OpenVR with code 110
[2019.11.05-18.41.14:153][  0]LogD3D11RHI: D3D11 adapters:
[2019.11.05-18.41.14:165][  0]LogD3D11RHI:    0. 'Intel(R) HD Graphics 520' (Feature Level 11_0)
[2019.11.05-18.41.14:165][  0]LogD3D11RHI:       128/0/6063 MB DedicatedVideo/DedicatedSystem/SharedSystem, Outputs:1, VendorId:0x8086
[2019.11.05-18.41.14:168][  0]LogD3D11RHI:    1. 'Microsoft Basic Render Driver' (Feature Level 11_0)
[2019.11.05-18.41.14:168][  0]LogD3D11RHI:       0/0/6063 MB DedicatedVideo/DedicatedSystem/SharedSystem, Outputs:0, VendorId:0x1414
[2019.11.05-18.41.14:168][  0]LogD3D11RHI: Chosen D3D11 Adapter: 0
[2019.11.05-18.41.14:177][  0]LogD3D11RHI: Creating new Direct3DDevice
[2019.11.05-18.41.14:177][  0]LogD3D11RHI:     GPU DeviceId: 0x1916 (for the marketing name, search the web for "GPU Device Id")
[2019.11.05-18.41.14:177][  0]LogWindows: EnumDisplayDevices:
[2019.11.05-18.41.14:177][  0]LogWindows:    0. 'Intel(R) HD Graphics 520' (P:1 D:1)
[2019.11.05-18.41.14:177][  0]LogWindows:    1. 'Intel(R) HD Graphics 520' (P:0 D:0)
[2019.11.05-18.41.14:177][  0]LogWindows:    2. 'Intel(R) HD Graphics 520' (P:0 D:0)
[2019.11.05-18.41.14:178][  0]LogWindows: DebugString: FoundDriverCount:3 
[2019.11.05-18.41.14:178][  0]LogD3D11RHI:     Adapter Name: Intel(R) HD Graphics 520
[2019.11.05-18.41.14:178][  0]LogD3D11RHI:   Driver Version: 21.20.16.4821 (internal:21.20.16.4821, unified:21.20.16.4821)
[2019.11.05-18.41.14:178][  0]LogD3D11RHI:      Driver Date: 10-2-2017
[2019.11.05-18.41.14:178][  0]LogRHI: Texture pool is 1523 MB (70% of 2176 MB)
[2019.11.05-18.41.14:185][  0]LogD3D11RHI: Async texture creation enabled
[2019.11.05-18.41.14:195][  0]LogD3D11RHI: GPU Timing Frequency: 12.000000 (Debug: 2 0)
[2019.11.05-18.41.14:677][  0]LogTemp: Display: Module 'AllDesktopTargetPlatform' loaded TargetPlatform 'AllDesktop'
[2019.11.05-18.41.14:687][  0]LogTemp: Display: Module 'MacClientTargetPlatform' loaded TargetPlatform 'MacClient'
[2019.11.05-18.41.14:699][  0]LogTemp: Display: Module 'MacNoEditorTargetPlatform' loaded TargetPlatform 'MacNoEditor'
[2019.11.05-18.41.14:711][  0]LogTemp: Display: Module 'MacServerTargetPlatform' loaded TargetPlatform 'MacServer'
[2019.11.05-18.41.14:728][  0]LogTemp: Display: Module 'MacTargetPlatform' loaded TargetPlatform 'Mac'
[2019.11.05-18.41.14:739][  0]LogTemp: Display: Module 'WindowsClientTargetPlatform' loaded TargetPlatform 'WindowsClient'
[2019.11.05-18.41.14:750][  0]LogTemp: Display: Module 'WindowsNoEditorTargetPlatform' loaded TargetPlatform 'WindowsNoEditor'
[2019.11.05-18.41.14:762][  0]LogTemp: Display: Module 'WindowsServerTargetPlatform' loaded TargetPlatform 'WindowsServer'
[2019.11.05-18.41.14:767][  0]LogTemp: Display: Module 'WindowsTargetPlatform' loaded TargetPlatform 'Windows'
[2019.11.05-18.41.14:819][  0]LogTemp: Display: Module 'AndroidTargetPlatform' loaded TargetPlatform 'Android'
[2019.11.05-18.41.14:819][  0]LogTemp: Display: Module 'AndroidTargetPlatform' loaded TargetPlatform 'Android_ASTC'
[2019.11.05-18.41.14:819][  0]LogTemp: Display: Module 'AndroidTargetPlatform' loaded TargetPlatform 'Android_ATC'
[2019.11.05-18.41.14:819][  0]LogTemp: Display: Module 'AndroidTargetPlatform' loaded TargetPlatform 'Android_DXT'
[2019.11.05-18.41.14:819][  0]LogTemp: Display: Module 'AndroidTargetPlatform' loaded TargetPlatform 'Android_ETC1'
[2019.11.05-18.41.14:819][  0]LogTemp: Display: Module 'AndroidTargetPlatform' loaded TargetPlatform 'Android_ETC1a'
[2019.11.05-18.41.14:819][  0]LogTemp: Display: Module 'AndroidTargetPlatform' loaded TargetPlatform 'Android_ETC2'
[2019.11.05-18.41.14:819][  0]LogTemp: Display: Module 'AndroidTargetPlatform' loaded TargetPlatform 'Android_PVRTC'
[2019.11.05-18.41.14:819][  0]LogTemp: Display: Module 'AndroidTargetPlatform' loaded TargetPlatform 'AndroidClient'
[2019.11.05-18.41.14:819][  0]LogTemp: Display: Module 'AndroidTargetPlatform' loaded TargetPlatform 'Android_ASTCClient'
[2019.11.05-18.41.14:820][  0]LogTemp: Display: Module 'AndroidTargetPlatform' loaded TargetPlatform 'Android_ATCClient'
[2019.11.05-18.41.14:820][  0]LogTemp: Display: Module 'AndroidTargetPlatform' loaded TargetPlatform 'Android_DXTClient'
[2019.11.05-18.41.14:820][  0]LogTemp: Display: Module 'AndroidTargetPlatform' loaded TargetPlatform 'Android_ETC1Client'
[2019.11.05-18.41.14:820][  0]LogTemp: Display: Module 'AndroidTargetPlatform' loaded TargetPlatform 'Android_ETC1aClient'
[2019.11.05-18.41.14:820][  0]LogTemp: Display: Module 'AndroidTargetPlatform' loaded TargetPlatform 'Android_ETC2Client'
[2019.11.05-18.41.14:820][  0]LogTemp: Display: Module 'AndroidTargetPlatform' loaded TargetPlatform 'Android_PVRTCClient'
[2019.11.05-18.41.14:820][  0]LogTemp: Display: Module 'AndroidTargetPlatform' loaded TargetPlatform 'Android_Multi'
[2019.11.05-18.41.14:820][  0]LogTemp: Display: Module 'AndroidTargetPlatform' loaded TargetPlatform 'Android_MultiClient'
[2019.11.05-18.41.14:822][  0]LogTemp: Display: Module 'HTML5TargetPlatform' loaded TargetPlatform 'HTML5'
[2019.11.05-18.41.14:857][  0]LogTemp: Display: Module 'IOSTargetPlatform' loaded TargetPlatform 'IOSClient'
[2019.11.05-18.41.14:857][  0]LogTemp: Display: Module 'IOSTargetPlatform' loaded TargetPlatform 'IOS'
[2019.11.05-18.41.14:875][  0]LogTemp: Display: Module 'TVOSTargetPlatform' loaded TargetPlatform 'TVOSClient'
[2019.11.05-18.41.14:875][  0]LogTemp: Display: Module 'TVOSTargetPlatform' loaded TargetPlatform 'TVOS'
[2019.11.05-18.41.14:884][  0]LogTemp: Display: Module 'LinuxClientTargetPlatform' loaded TargetPlatform 'LinuxClient'
[2019.11.05-18.41.14:894][  0]LogTemp: Display: Module 'LinuxNoEditorTargetPlatform' loaded TargetPlatform 'LinuxNoEditor'
[2019.11.05-18.41.14:903][  0]LogTemp: Display: Module 'LinuxServerTargetPlatform' loaded TargetPlatform 'LinuxServer'
[2019.11.05-18.41.14:922][  0]LogTemp: Display: Module 'LinuxTargetPlatform' loaded TargetPlatform 'Linux'
[2019.11.05-18.41.14:957][  0]LogTemp: Display: Module 'LuminTargetPlatform' loaded TargetPlatform 'Lumin'
[2019.11.05-18.41.14:957][  0]LogTemp: Display: Module 'LuminTargetPlatform' loaded TargetPlatform 'LuminClient'
[2019.11.05-18.41.14:957][  0]LogTargetPlatformManager: Display: Building Assets For Windows
[2019.11.05-18.41.15:004][  0]LogAudioDebug: Display: Lib vorbis DLL was dynamically loaded.
[2019.11.05-18.41.15:106][  0]LogShaderCompilers: Guid format shader working directory is -4 characters bigger than the processId version (../../../../../../Users/Xeono/Documents/GitHub/SS/Intermediate/Shaders/WorkingDirectory/12556/).
[2019.11.05-18.41.15:106][  0]LogShaderCompilers: Cleaned the shader compiler working directory 'C:/Users/Xeono/AppData/Local/Temp/UnrealShaderWorkingDir/2F2DD59147D527770559F3AD2F1ECA32/'.
[2019.11.05-18.41.15:110][  0]LogXGEController: Cannot use XGE Controller as Incredibuild is not installed on this machine.
[2019.11.05-18.41.15:110][  0]LogShaderCompilers: Cannot use XGE Shader Compiler as Incredibuild is not installed on this machine.
[2019.11.05-18.41.15:110][  0]LogShaderCompilers: Display: Using Local Shader Compiler.
[2019.11.05-18.41.18:187][  0]LogDerivedDataCache: Display: Max Cache Size: 512 MB
[2019.11.05-18.41.18:258][  0]LogDerivedDataCache: Loaded boot cache 0.07s 73MB C:/Users/Xeono/AppData/Local/UnrealEngine/4.23/DerivedDataCache/Boot.ddc.
[2019.11.05-18.41.18:258][  0]LogDerivedDataCache: Display: Loaded Boot cache: C:/Users/Xeono/AppData/Local/UnrealEngine/4.23/DerivedDataCache/Boot.ddc
[2019.11.05-18.41.18:258][  0]LogDerivedDataCache: FDerivedDataBackendGraph:  Pak pak cache file ../../../../../../Users/Xeono/Documents/GitHub/SS/DerivedDataCache/DDC.ddp not found, will not use a pak cache.
[2019.11.05-18.41.18:258][  0]LogDerivedDataCache: Unable to find inner node Pak for hierarchical cache Hierarchy.
[2019.11.05-18.41.18:258][  0]LogDerivedDataCache: FDerivedDataBackendGraph:  CompressedPak pak cache file ../../../../../../Users/Xeono/Documents/GitHub/SS/DerivedDataCache/Compressed.ddp not found, will not use a pak cache.
[2019.11.05-18.41.18:258][  0]LogDerivedDataCache: Unable to find inner node CompressedPak for hierarchical cache Hierarchy.
[2019.11.05-18.41.18:279][  0]LogDerivedDataCache: Display: Pak cache opened for reading ../../../Engine/DerivedDataCache/Compressed.ddp.
[2019.11.05-18.41.18:279][  0]LogDerivedDataCache: FDerivedDataBackendGraph:  EnterprisePak pak cache file ../../../Enterprise/DerivedDataCache/Compressed.ddp not found, will not use a pak cache.
[2019.11.05-18.41.18:279][  0]LogDerivedDataCache: Unable to find inner node EnterprisePak for hierarchical cache Hierarchy.
[2019.11.05-18.41.18:281][  0]LogDerivedDataCache: Using Local data cache path C:/Users/Xeono/AppData/Local/UnrealEngine/Common/DerivedDataCache: Writable
[2019.11.05-18.41.18:281][  0]LogDerivedDataCache: Shared data cache path not found in *engine.ini, will not use an Shared cache.
[2019.11.05-18.41.18:281][  0]LogDerivedDataCache: Unable to find inner node Shared for hierarchical cache Hierarchy.
[2019.11.05-18.41.18:311][  0]LogMaterial: Verifying Global Shaders for PCD3D_SM5
[2019.11.05-18.41.18:314][  0]LogSlate: Using FreeType 2.6.0
[2019.11.05-18.41.18:333][  0]LogSlate: SlateFontServices - WITH_FREETYPE: 1, WITH_HARFBUZZ: 1
[2019.11.05-18.41.18:631][  0]LogAssetRegistry: FAssetRegistry took 0.0041 seconds to start up
[2019.11.05-18.41.19:019][  0]LogInit: Selected Device Profile: [Windows]
[2019.11.05-18.41.19:412][  0]LogMeshReduction: Using QuadricMeshReduction for automatic static mesh reduction
[2019.11.05-18.41.19:412][  0]LogMeshReduction: Using SimplygonMeshReduction for automatic skeletal mesh reduction
[2019.11.05-18.41.19:412][  0]LogMeshReduction: Using ProxyLODMeshReduction for automatic mesh merging
[2019.11.05-18.41.19:412][  0]LogMeshReduction: No distributed automatic mesh merging module available
[2019.11.05-18.41.19:413][  0]LogMeshMerging: No distributed automatic mesh merging module available
[2019.11.05-18.41.19:463][  0]LogNetVersion: SS 1.0.0, NetCL: 8386587, EngineNetVer: 11, GameNetVer: 0 (Checksum: 2567643251)
[2019.11.05-18.41.20:971][  0]LogPackageLocalizationCache: Processed 12 localized package path(s) for 1 prioritized culture(s) in 0.083803 seconds
[2019.11.05-18.41.20:979][  0]LogUObjectArray: 43444 objects as part of root set at end of initial load.
[2019.11.05-18.41.20:979][  0]LogUObjectAllocator: 7548648 out of 0 bytes used by permanent object pool.
[2019.11.05-18.41.20:979][  0]LogUObjectArray: CloseDisregardForGC: 0/0 objects in disregard for GC pool
[2019.11.05-18.41.24:603][  0]LogTcpMessaging: Initializing TcpMessaging bridge
[2019.11.05-18.41.24:606][  0]LogUdpMessaging: Initializing bridge on interface 0.0.0.0:0 to multicast group 230.0.0.1:6666.
[2019.11.05-18.41.24:713][  0]SourceControl: Source control is disabled
[2019.11.05-18.41.24:713][  0]SourceControl: Source control is disabled
[2019.11.05-18.41.24:715][  0]SourceControl: Source control is disabled
[2019.11.05-18.41.24:717][  0]SourceControl: Source control is disabled
[2019.11.05-18.41.24:878][  0]LogAndroidPermission: UAndroidPermissionCallbackProxy::GetInstance
[2019.11.05-18.41.25:056][  0]LogOcInput: OculusInput pre-init called
[2019.11.05-18.41.25:064][  0]LogWindows: Failed to load 'OVRPlugin.dll' (GetLastError=126)
[2019.11.05-18.41.25:065][  0]LogWindows: File 'OVRPlugin.dll' does not exist
[2019.11.05-18.41.25:192][  0]LogEngine: Initializing Engine...
[2019.11.05-18.41.25:193][  0]LogHMD: Failed to initialize OpenVR with code 110
[2019.11.05-18.41.25:194][  0]LogStats: UGameplayTagsManager::InitializeManager -  0.000 s
[2019.11.05-18.41.25:718][  0]LogInit: Initializing FReadOnlyCVARCache
[2019.11.05-18.41.25:739][  0]LogAIModule: Creating AISystem for world Untitled
[2019.11.05-18.41.25:753][  0]LogInit: XAudio2 using 'Speaker/HP (2- Realtek High Definition Audio)' : 2 channels at 48 kHz using 32 bits per sample (channel mask 0x3)
[2019.11.05-18.41.25:777][  0]LogInit: FAudioDevice initialized.
[2019.11.05-18.41.25:777][  0]LogNetVersion: Set ProjectVersion to 1.0.0.0. Version Checksum will be recalculated on next use.
[2019.11.05-18.41.25:994][  0]LogDerivedDataCache: Saved boot cache 0.22s 73MB C:/Users/Xeono/AppData/Local/UnrealEngine/4.23/DerivedDataCache/Boot.ddc.
[2019.11.05-18.41.26:003][  0]LogInit: Texture streaming: Enabled
[2019.11.05-18.41.26:028][  0]LogEngineSessionManager: EngineSessionManager initialized
[2019.11.05-18.41.26:120][  0]LogInit: Transaction tracking system initialized
[2019.11.05-18.41.26:175][  0]BlueprintLog: New page: Editor Load
[2019.11.05-18.41.26:304][  0]LocalizationService: Localization service is disabled
[2019.11.05-18.41.26:975][  0]LogFileCache: Scanning file cache for directory 'C:/Users/Xeono/Documents/GitHub/SS/Content/' took 0.01s
[2019.11.05-18.41.26:975][  0]LogCook: Display: Max memory allowance for cook 16384mb min free memory 0mb
[2019.11.05-18.41.26:975][  0]LogCook: Display: Mobile HDR setting 0
[2019.11.05-18.41.27:413][  0]SourceControl: Source control is disabled
[2019.11.05-18.41.27:413][  0]Cmd: MAP LOAD FILE="../../../../../../Users/Xeono/Documents/GitHub/SS/Content/ThirdPersonBP/Maps/ThirdPersonExampleMap.umap" TEMPLATE=0 SHOWPROGRESS=1 FEATURELEVEL=3
[2019.11.05-18.41.27:414][  0]LogEditorServer: Warning: Can't find file '../../../../../../Users/Xeono/Documents/GitHub/SS/Content/ThirdPersonBP/Maps/ThirdPersonExampleMap.umap'
[2019.11.05-18.41.27:414][  0]Cmd: MAP CHECKDEP NOCLEARLOG
[2019.11.05-18.41.27:414][  0]MapCheck: Map check complete: 0 Error(s), 0 Warning(s), took 0.217ms to complete.
[2019.11.05-18.41.27:414][  0]LogFileHelpers: Loading map 'ThirdPersonExampleMap' took 0.001
[2019.11.05-18.41.27:629][  0]LogSlate: Updating window title bar state: overlay mode, drag disabled, window buttons hidden, title bar hidden
[2019.11.05-18.41.27:642][  0]LogSlate: Updating window title bar state: overlay mode, drag disabled, window buttons hidden, title bar hidden
[2019.11.05-18.41.27:658][  0]LogSlate: Updating window title bar state: overlay mode, drag disabled, window buttons hidden, title bar hidden
[2019.11.05-18.41.27:674][  0]LogSlate: Updating window title bar state: overlay mode, drag disabled, window buttons hidden, title bar hidden
[2019.11.05-18.41.27:695][  0]LogCollectionManager: Loaded 0 collections in 0.004092 seconds
[2019.11.05-18.41.27:705][  0]LogFileCache: Scanning file cache for directory 'C:/Users/Xeono/Documents/GitHub/SS/Saved/Collections/' took 0.00s
[2019.11.05-18.41.27:705][  0]LogFileCache: Scanning file cache for directory 'C:/Users/Xeono/Documents/GitHub/SS/Content/Developers/Xeono/Collections/' took 0.00s
[2019.11.05-18.41.27:705][  0]LogFileCache: Scanning file cache for directory 'C:/Users/Xeono/Documents/GitHub/SS/Content/Collections/' took 0.00s
[2019.11.05-18.41.27:705][  0]LogCollectionManager: Rebuilt the GUID cache for 0 collections in 0.000004 seconds
[2019.11.05-18.41.27:722][  0]LogContentBrowser: Native class hierarchy populated in 0.0159 seconds. Added 2863 classes and 680 folders.
[2019.11.05-18.41.27:733][  0]LogContentBrowser: Native class hierarchy updated for 'WidgetCarousel' in 0.0003 seconds. Added 0 classes and 0 folders.
[2019.11.05-18.41.28:182][  0]LogContentBrowser: Native class hierarchy updated for 'AddContentDialog' in 0.0002 seconds. Added 0 classes and 0 folders.
[2019.11.05-18.41.28:189][  0]LogContentBrowser: Native class hierarchy updated for 'SceneOutliner' in 0.0003 seconds. Added 1 classes and 2 folders.
[2019.11.05-18.41.28:215][  0]LogSlate: Took 0.010335 seconds to synchronously load lazily loaded font '../../../Engine/Content/Slate/Fonts/Roboto-Regular.ttf' (155K)
[2019.11.05-18.41.28:230][  0]LogSlate: Took 0.012777 seconds to synchronously load lazily loaded font '../../../Engine/Content/Slate/Fonts/Roboto-Bold.ttf' (160K)
[2019.11.05-18.41.28:245][  0]LogSlate: Took 0.006727 seconds to synchronously load lazily loaded font '../../../Engine/Content/Editor/Slate/Fonts/FontAwesome.ttf' (139K)
[2019.11.05-18.41.28:603][  0]LogRenderer: Reallocating scene render targets to support 964x436 Format 10 NumSamples 1 (Frame:1).
[2019.11.05-18.41.29:186][  0]LogContentBrowser: Native class hierarchy updated for 'HierarchicalLODOutliner' in 0.0003 seconds. Added 0 classes and 0 folders.
[2019.11.05-18.41.29:186][  0]LogLoad: (Engine Initialization) Total time: 22.00 seconds
[2019.11.05-18.41.29:186][  0]LogLoad: (Engine Initialization) Total Blueprint compile time: 0.00 seconds
[2019.11.05-18.41.29:257][  0]LogContentStreaming: Texture pool size now 1000 MB
[2019.11.05-18.41.29:316][  0]LogSlate: Took 0.008890 seconds to synchronously load lazily loaded font '../../../Engine/Content/Slate/Fonts/Roboto-Light.ttf' (167K)
[2019.11.05-18.41.30:504][ 19]LogAssetRegistry: Asset discovery search completed in 11.8740 seconds
[2019.11.05-18.41.30:509][ 19]LogCollectionManager: Rebuilt the object cache for 0 collections in 0.000005 seconds (found 0 objects)
[2019.11.05-18.41.30:509][ 19]LogCollectionManager: Fixed up redirectors for 0 collections in 0.000071 seconds (updated 0 objects)
[2019.11.05-18.41.31:674][ 88]LogSlate: FSceneViewport::OnFocusLost() reason 0
[2019.11.05-18.41.31:740][ 92]LogTemp: Repeating last play command: Selected Viewport
[2019.11.05-18.41.31:765][ 92]LogPlayLevel: PlayLevel: No blueprints needed recompiling
[2019.11.05-18.41.31:766][ 92]PIE: New page: PIE session: Untitled_0 (Nov 5, 2019, 4:41:31 AM)
[2019.11.05-18.41.31:767][ 92]LogOnline: OSS: Creating online subsystem instance for: NULL
[2019.11.05-18.41.31:768][ 92]LogPlayLevel: Creating play world package: /Temp/UEDPIE_0_Untitled_0
[2019.11.05-18.41.31:769][ 92]LogPlayLevel: PIE: StaticDuplicateObject took: (0.000899s)
[2019.11.05-18.41.31:771][ 92]LogAIModule: Creating AISystem for world Untitled
[2019.11.05-18.41.31:771][ 92]LogPlayLevel: PIE: World Init took: (0.001582s)
[2019.11.05-18.41.31:771][ 92]LogPlayLevel: PIE: Created PIE world by copying editor world from /Temp/Untitled_0.Untitled to /Temp/UEDPIE_0_Untitled_0.Untitled (0.002858s)
[2019.11.05-18.41.31:796][ 92]LogUObjectHash: Compacting FUObjectHashTables data took   2.24ms
[2019.11.05-18.41.31:805][ 92]LogInit: XAudio2 using 'Speaker/HP (2- Realtek High Definition Audio)' : 2 channels at 48 kHz using 32 bits per sample (channel mask 0x3)
[2019.11.05-18.41.31:823][ 92]LogInit: FAudioDevice initialized.
[2019.11.05-18.41.31:832][ 92]LogLinker: Warning: Failed to load '/Game/ThirdPersonBP/Blueprints/ThirdPersonGameMode': Can't find file.
[2019.11.05-18.41.31:832][ 92]LogLinker: Warning: Failed to load '/Game/ThirdPersonBP/Blueprints/ThirdPersonGameMode': Can't find file.
[2019.11.05-18.41.31:832][ 92]LogUObjectGlobals: Warning: Failed to find object 'Class /Game/ThirdPersonBP/Blueprints/ThirdPersonGameMode.ThirdPersonGameMode_C'
[2019.11.05-18.41.31:833][ 92]LogLoad: Game class is 'GameModeBase'
[2019.11.05-18.41.31:834][ 92]LogWorld: Bringing World /Temp/UEDPIE_0_Untitled_0.Untitled up for play (max tick rate 60) at 2019.11.05-11.41.31
[2019.11.05-18.41.31:834][ 92]LogWorld: Bringing up level for play took: 0.000623
[2019.11.05-18.41.31:835][ 92]LogOnline: OSS: Creating online subsystem instance for: :Context_1
[2019.11.05-18.41.31:889][ 92]LogContentBrowser: Native class hierarchy updated for 'MovieSceneCapture' in 0.0003 seconds. Added 20 classes and 0 folders.
[2019.11.05-18.41.31:893][ 92]PIE: Play in editor start time for /Temp/UEDPIE_0_Untitled_0 0.589
[2019.11.05-18.41.37:899][434]LogSlate: Updating window title bar state: overlay mode, drag disabled, window buttons hidden, title bar hidden
[2019.11.05-18.41.37:899][434]LogWorld: BeginTearingDown for /Temp/UEDPIE_0_Untitled_0
[2019.11.05-18.41.37:899][434]LogWorld: UWorld::CleanupWorld for Untitled, bSessionEnded=true, bCleanupResources=true
[2019.11.05-18.41.37:913][434]LogPlayLevel: Display: Shutting down PIE online subsystems
[2019.11.05-18.41.37:951][434]LogSlate: Updating window title bar state: overlay mode, drag disabled, window buttons hidden, title bar hidden
[2019.11.05-18.41.37:955][434]LogUObjectHash: Compacting FUObjectHashTables data took   2.64ms
[2019.11.05-18.41.37:993][436]LogPlayLevel: Display: Destroying online subsystem :Context_1
[2019.11.05-18.41.41:821][659]LogSlate: Took 0.000325 seconds to synchronously load lazily loaded font '../../../Engine/Content/Slate/Fonts/Roboto-Light.ttf' (167K)
[2019.11.05-18.41.43:182][659]LogAIModule: Creating AISystem for world ThirdPersonExampleMap
[2019.11.05-18.41.43:215][659]LogAssetEditorManager: Opening Asset editor for World /Game/Maps/ThirdPersonExampleMap.ThirdPersonExampleMap
[2019.11.05-18.41.43:247][659]LogUObjectHash: Compacting FUObjectHashTables data took   3.93ms
[2019.11.05-18.41.43:248][659]Cmd: MAP LOAD FILE="../../../../../../Users/Xeono/Documents/GitHub/SS/Content/Maps/ThirdPersonExampleMap.umap" TEMPLATE=0 SHOWPROGRESS=1 FEATURELEVEL=3
[2019.11.05-18.41.43:248][659]LightingResults: New page: Lighting Build
[2019.11.05-18.41.43:252][659]LogContentBrowser: Native class hierarchy updated for 'StatsViewer' in 0.0003 seconds. Added 5 classes and 0 folders.
[2019.11.05-18.41.43:253][659]LoadErrors: New page: Loading map: ThirdPersonExampleMap.umap
[2019.11.05-18.41.43:253][659]LogWorld: UWorld::CleanupWorld for Untitled, bSessionEnded=true, bCleanupResources=true
[2019.11.05-18.41.43:254][659]MapCheck: New page: Map Check
[2019.11.05-18.41.43:254][659]LightingResults: New page: Lighting Build
[2019.11.05-18.41.43:279][659]LogUObjectHash: Compacting FUObjectHashTables data took   2.92ms
[2019.11.05-18.41.43:294][659]LogEditorServer: Finished looking for orphan Actors (0.000 secs)
[2019.11.05-18.41.43:326][659]LogUObjectHash: Compacting FUObjectHashTables data took   2.00ms
[2019.11.05-18.41.43:364][659]Cmd: MAP CHECKDEP NOCLEARLOG
[2019.11.05-18.41.43:364][659]MapCheck: Map check complete: 0 Error(s), 0 Warning(s), took 0.154ms to complete.
[2019.11.05-18.41.43:364][659]LogFileHelpers: Loading map 'ThirdPersonExampleMap' took 0.118
[2019.11.05-18.41.45:072][720]LogTemp: Repeating last play command: Selected Viewport
[2019.11.05-18.41.45:094][720]LogBlueprintUserMessages: Early PlayInEditor Detection: Level '/Game/Maps/ThirdPersonExampleMap.ThirdPersonExampleMap:PersistentLevel' has LevelScriptBlueprint '/Game/Maps/ThirdPersonExampleMap.ThirdPersonExampleMap:PersistentLevel.ThirdPersonExampleMap' with GeneratedClass '/Game/Maps/ThirdPersonExampleMap.ThirdPersonExampleMap_C' with ClassGeneratedBy '/Game/Maps/ThirdPersonExampleMap.ThirdPersonExampleMap:PersistentLevel.ThirdPersonExampleMap'
[2019.11.05-18.41.45:094][720]LogPlayLevel: PlayLevel: No blueprints needed recompiling
[2019.11.05-18.41.45:094][720]PIE: New page: PIE session: ThirdPersonExampleMap (Nov 5, 2019, 4:41:45 AM)
[2019.11.05-18.41.45:094][720]LogPlayLevel: Creating play world package: /Game/Maps/UEDPIE_0_ThirdPersonExampleMap
[2019.11.05-18.41.45:115][720]LogPlayLevel: PIE: StaticDuplicateObject took: (0.020512s)
[2019.11.05-18.41.45:116][720]LogAIModule: Creating AISystem for world ThirdPersonExampleMap
[2019.11.05-18.41.45:116][720]LogPlayLevel: PIE: World Init took: (0.001638s)
[2019.11.05-18.41.45:117][720]LogPlayLevel: PIE: Created PIE world by copying editor world from /Game/Maps/ThirdPersonExampleMap.ThirdPersonExampleMap to /Game/Maps/UEDPIE_0_ThirdPersonExampleMap.ThirdPersonExampleMap (0.022525s)
[2019.11.05-18.41.45:139][720]LogUObjectHash: Compacting FUObjectHashTables data took   1.92ms
[2019.11.05-18.41.45:146][720]LogInit: XAudio2 using 'Speaker/HP (2- Realtek High Definition Audio)' : 2 channels at 48 kHz using 32 bits per sample (channel mask 0x3)
[2019.11.05-18.41.45:166][720]LogInit: FAudioDevice initialized.
[2019.11.05-18.41.45:175][720]LogLoad: Game class is 'SSGameMode_C'
[2019.11.05-18.41.45:178][720]LogWorld: Bringing World /Game/Maps/UEDPIE_0_ThirdPersonExampleMap.ThirdPersonExampleMap up for play (max tick rate 60) at 2019.11.05-11.41.45
[2019.11.05-18.41.45:178][720]LogWorld: Bringing up level for play took: 0.002516
[2019.11.05-18.41.45:178][720]LogOnline: OSS: Creating online subsystem instance for: :Context_2
[2019.11.05-18.41.45:206][720]LogBlueprintUserMessages: [SSGameMode_C_0] false
[2019.11.05-18.41.45:206][720]LogBlueprintUserMessages: [SSGameMode_C_0] false
[2019.11.05-18.41.45:206][720]LogBlueprintUserMessages: [SSGameMode_C_0] false
[2019.11.05-18.41.45:210][720]PIE: Play in editor start time for /Game/Maps/UEDPIE_0_ThirdPersonExampleMap -0.093
[2019.11.05-18.41.45:211][720]LogBlueprintUserMessages: Late PlayInEditor Detection: Level '/Game/Maps/ThirdPersonExampleMap.ThirdPersonExampleMap:PersistentLevel' has LevelScriptBlueprint '/Game/Maps/ThirdPersonExampleMap.ThirdPersonExampleMap:PersistentLevel.ThirdPersonExampleMap' with GeneratedClass '/Game/Maps/ThirdPersonExampleMap.ThirdPersonExampleMap_C' with ClassGeneratedBy '/Game/Maps/ThirdPersonExampleMap.ThirdPersonExampleMap:PersistentLevel.ThirdPersonExampleMap'
[2019.11.05-18.41.48:632][849]LogBlueprintUserMessages: [SideScrollerCharacter_2] StartX=600.000 Y=297.000
[2019.11.05-18.41.57:456][192]LogBlueprintUserMessages: [SideScrollerCharacter_2] StartX=600.000 Y=297.000
[2019.11.05-18.41.58:551][234]LogBlueprintUserMessages: [SideScrollerCharacter_2] StartX=600.000 Y=297.000
[2019.11.05-18.41.59:393][268]LogBlueprintUserMessages: [SideScrollerCharacter_2] StartX=600.000 Y=297.000
[2019.11.05-18.42.00:065][293]LogBlueprintUserMessages: [SideScrollerCharacter_2] StartX=600.000 Y=297.000
[2019.11.05-18.42.01:097][334]LogBlueprintUserMessages: [SideScrollerCharacter_2] StartX=600.000 Y=297.000
[2019.11.05-18.42.05:249][492]LogBlueprintUserMessages: [SideScrollerCharacter_2] StartX=600.000 Y=297.000
[2019.11.05-18.42.07:886][591]LogBlueprintUserMessages: [SideScrollerCharacter_2] StartX=600.000 Y=297.000
[2019.11.05-18.42.07:887][591]LogBlueprintUserMessages: [SideScrollerCharacter_2] StartX=600.000 Y=297.000
[2019.11.05-18.42.09:951][669]LogBlueprintUserMessages: [SideScrollerCharacter_2] StartX=600.000 Y=297.000
[2019.11.05-18.42.09:980][670]LogBlueprintUserMessages: [SideScrollerCharacter_2] StartX=600.000 Y=297.000
[2019.11.05-18.42.10:220][679]LogBlueprintUserMessages: [SideScrollerCharacter_2] StartX=600.000 Y=297.000
[2019.11.05-18.42.10:412][686]LogBlueprintUserMessages: [SideScrollerCharacter_2] StartX=600.000 Y=297.000
[2019.11.05-18.42.10:987][708]LogBlueprintUserMessages: [SideScrollerCharacter_2] StartX=600.000 Y=297.000
[2019.11.05-18.42.11:071][711]LogBlueprintUserMessages: [SideScrollerCharacter_2] StartX=600.000 Y=297.000
[2019.11.05-18.42.11:542][729]LogBlueprintUserMessages: [SideScrollerCharacter_2] StartX=600.000 Y=297.000
[2019.11.05-18.42.11:597][731]LogBlueprintUserMessages: [SideScrollerCharacter_2] StartX=600.000 Y=297.000
[2019.11.05-18.42.11:685][734]LogBlueprintUserMessages: [SideScrollerCharacter_2] StartX=600.000 Y=297.000
[2019.11.05-18.42.11:718][735]LogBlueprintUserMessages: [SideScrollerCharacter_2] StartX=600.000 Y=297.000
[2019.11.05-18.42.12:537][766]LogBlueprintUserMessages: [SideScrollerCharacter_2] StartX=600.000 Y=297.000
[2019.11.05-18.42.12:690][771]LogBlueprintUserMessages: [SideScrollerCharacter_2] StartX=600.000 Y=297.000
[2019.11.05-18.42.12:885][778]LogBlueprintUserMessages: [SideScrollerCharacter_2] StartX=600.000 Y=297.000
[2019.11.05-18.42.14:415][835]LogBlueprintUserMessages: [SideScrollerCharacter_2] StartX=600.000 Y=297.000
[2019.11.05-18.42.14:415][835]LogBlueprintUserMessages: [SideScrollerCharacter_2] StartX=600.000 Y=297.000
[2019.11.05-18.42.14:638][843]LogBlueprintUserMessages: [SideScrollerCharacter_2] StartX=600.000 Y=297.000
[2019.11.05-18.42.15:115][861]LogBlueprintUserMessages: [SideScrollerCharacter_2] StartX=600.000 Y=297.000
[2019.11.05-18.42.16:744][921]LogBlueprintUserMessages: [SideScrollerCharacter_2] StartX=600.000 Y=297.000
[2019.11.05-18.42.18:798][996]LogBlueprintUserMessages: [SideScrollerCharacter_2] StartX=600.000 Y=297.000
[2019.11.05-18.42.22:580][132]LogBlueprintUserMessages: [SideScrollerCharacter_2] StartX=600.000 Y=297.000
[2019.11.05-18.42.22:667][135]LogBlueprintUserMessages: [SideScrollerCharacter_2] StartX=600.000 Y=297.000
[2019.11.05-18.42.25:776][254]LogBlueprintUserMessages: [SideScrollerCharacter_2] StartX=600.000 Y=297.000
[2019.11.05-18.42.25:915][259]LogBlueprintUserMessages: [SideScrollerCharacter_2] StartX=600.000 Y=297.000
[2019.11.05-18.42.27:827][332]LogBlueprintUserMessages: [SideScrollerCharacter_2] StartX=600.000 Y=297.000
[2019.11.05-18.42.27:902][335]LogBlueprintUserMessages: [SideScrollerCharacter_2] StartX=600.000 Y=297.000
[2019.11.05-18.42.28:482][357]LogBlueprintUserMessages: [SideScrollerCharacter_2] StartX=600.000 Y=297.000
[2019.11.05-18.42.28:566][360]LogBlueprintUserMessages: [SideScrollerCharacter_2] StartX=600.000 Y=297.000
[2019.11.05-18.42.48:950][482]LogBlueprintUserMessages: [SideScrollerCharacter_2] StartX=600.000 Y=297.000
[2019.11.05-18.42.53:510][655]LogBlueprintUserMessages: [SideScrollerCharacter_2] StartX=600.000 Y=297.000
[2019.11.05-18.42.53:678][661]LogBlueprintUserMessages: [SideScrollerCharacter_2] StartX=600.000 Y=297.000
[2019.11.05-18.42.56:512][764]LogBlueprintUserMessages: [SideScrollerCharacter_2] StartX=600.000 Y=297.000
[2019.11.05-18.42.58:976][852]LogBlueprintUserMessages: [SideScrollerCharacter_2] StartX=600.000 Y=297.000
[2019.11.05-18.43.00:895][927]LogBlueprintUserMessages: [SideScrollerCharacter_2] StartX=600.000 Y=297.000
[2019.11.05-18.43.02:763][  2]LogBlueprintUserMessages: [SideScrollerCharacter_2] StartX=600.000 Y=297.000
[2019.11.05-18.43.04:872][ 86]LogBlueprintUserMessages: [SideScrollerCharacter_2] StartX=600.000 Y=297.000
[2019.11.05-18.43.06:998][169]LogBlueprintUserMessages: [SideScrollerCharacter_2] StartX=600.000 Y=297.000
[2019.11.05-18.43.09:080][249]LogBlueprintUserMessages: [SideScrollerCharacter_2] StartX=600.000 Y=297.000
[2019.11.05-18.43.11:001][325]LogBlueprintUserMessages: [SideScrollerCharacter_2] StartX=600.000 Y=297.000
[2019.11.05-18.43.12:968][401]LogBlueprintUserMessages: [SideScrollerCharacter_2] StartX=600.000 Y=297.000
[2019.11.05-18.43.15:722][505]LogBlueprintUserMessages: [SideScrollerCharacter_2] StartX=600.000 Y=297.000
[2019.11.05-18.43.16:323][529]LogBlueprintUserMessages: [SideScrollerCharacter_2] StartX=600.000 Y=297.000
[2019.11.05-18.43.17:157][560]LogBlueprintUserMessages: [SideScrollerCharacter_2] StartX=600.000 Y=297.000
[2019.11.05-18.43.18:088][595]LogBlueprintUserMessages: [SideScrollerCharacter_2] StartX=600.000 Y=297.000
[2019.11.05-18.43.19:267][642]LogBlueprintUserMessages: [SideScrollerCharacter_2] StartX=600.000 Y=297.000
